<?xml version="1.0" encoding="UTF-8" standalone="no"?>
<<<<<<< HEAD
<testsuite errors="0" failures="10" name="io.cucumber.core.plugin.JUnitFormatter" skipped="0" tests="30" time="384.261">
    <testcase classname="US_001 registerpage" name="US001_TC001" time="23.834">
        <system-out>
            <![CDATA[Given Kullanıci medunna anasayfasina gider..................................passed
And kullanici registration sayfasina gider(navigate)........................passed
Given kullanici ssn kutusunu tiklar ve  kullanci gecerli snn numaralarini girer "123-34-4567".passed
Then Kullanici uyari mesaji görmemeli ""....................................passed
]]>
        </system-out>
    </testcase>
    <testcase classname="US_001 registerpage" name="US001_TC001_2" time="16.306">
        <system-out>
            <![CDATA[Given Kullanıci medunna anasayfasina gider..................................passed
And kullanici registration sayfasina gider(navigate)........................passed
Given kullanici ssn kutusunu tiklar ve  kullanci gecerli snn numaralarini girer "906-12-5436".passed
Then Kullanici uyari mesaji görmemeli ""....................................passed
]]>
        </system-out>
    </testcase>
    <testcase classname="US_001 registerpage" name="US001_TC001_3" time="15.972">
        <system-out>
            <![CDATA[Given Kullanıci medunna anasayfasina gider..................................passed
And kullanici registration sayfasina gider(navigate)........................passed
Given kullanici ssn kutusunu tiklar ve  kullanci gecerli snn numaralarini girer "867-11-2348".passed
Then Kullanici uyari mesaji görmemeli ""....................................passed
]]>
        </system-out>
    </testcase>
    <testcase classname="US_001 registerpage" name="US001_TC001_4" time="16.005">
        <system-out>
            <![CDATA[Given Kullanıci medunna anasayfasina gider..................................passed
And kullanici registration sayfasina gider(navigate)........................passed
Given kullanici ssn kutusunu tiklar ve  kullanci gecerli snn numaralarini girer "123-34-4567".passed
Then Kullanici uyari mesaji görmemeli ""....................................passed
]]>
        </system-out>
    </testcase>
    <testcase classname="US_001 registerpage" name="US001_TC001_5" time="15.85">
        <system-out>
            <![CDATA[Given Kullanıci medunna anasayfasina gider..................................passed
And kullanici registration sayfasina gider(navigate)........................passed
Given kullanici ssn kutusunu tiklar ve  kullanci gecerli snn numaralarini girer "806-12-5436".passed
Then Kullanici uyari mesaji görmemeli ""....................................passed
]]>
        </system-out>
    </testcase>
    <testcase classname="US_001 registerpage" name="US001_TC001_6" time="16.016">
        <system-out>
            <![CDATA[Given Kullanıci medunna anasayfasina gider..................................passed
And kullanici registration sayfasina gider(navigate)........................passed
Given kullanici ssn kutusunu tiklar ve  kullanci gecerli snn numaralarini girer "867-11-2348".passed
Then Kullanici uyari mesaji görmemeli ""....................................passed
]]>
        </system-out>
    </testcase>
    <testcase classname="US_001 registerpage" name="US001_TC002,US001_TC003" time="1.052">
        <system-out>
            <![CDATA[Given Kullanıci medunna anasayfasina gider..................................passed
And kullanici registration sayfasina gider(navigate)........................passed
Given kullanici ssn kutusunu tiklar ve  ucuncu ve besinci haneden sonra herahngi bir isaret KOYMADAN DOKUZ haneli snn numaralarini girer "123344567".passed
Given kullanici ssn kutusunu tiklar ve  ucuncu ve besinci haneden sonra gerekli isareti koyduktundan sonra sekiz ve on haneli ssn girer "123344567".passed
Then Kullanici Your SSN is invalid mesajini görmeli.........................passed
]]>
        </system-out>
    </testcase>
    <testcase classname="US_001 registerpage" name="US001_TC002,US001_TC003_2" time="1.035">
        <system-out>
            <![CDATA[Given Kullanıci medunna anasayfasina gider..................................passed
And kullanici registration sayfasina gider(navigate)........................passed
Given kullanici ssn kutusunu tiklar ve  ucuncu ve besinci haneden sonra herahngi bir isaret KOYMADAN DOKUZ haneli snn numaralarini girer "906125436".passed
Given kullanici ssn kutusunu tiklar ve  ucuncu ve besinci haneden sonra gerekli isareti koyduktundan sonra sekiz ve on haneli ssn girer "906125436".passed
Then Kullanici Your SSN is invalid mesajini görmeli.........................passed
]]>
        </system-out>
    </testcase>
    <testcase classname="US_001 registerpage" name="US001_TC002,US001_TC003_3" time="0.993">
        <system-out>
            <![CDATA[Given Kullanıci medunna anasayfasina gider..................................passed
And kullanici registration sayfasina gider(navigate)........................passed
Given kullanici ssn kutusunu tiklar ve  ucuncu ve besinci haneden sonra herahngi bir isaret KOYMADAN DOKUZ haneli snn numaralarini girer "867112348".passed
Given kullanici ssn kutusunu tiklar ve  ucuncu ve besinci haneden sonra gerekli isareti koyduktundan sonra sekiz ve on haneli ssn girer "867112348".passed
Then Kullanici Your SSN is invalid mesajini görmeli.........................passed
]]>
        </system-out>
    </testcase>
    <testcase classname="US_001 registerpage" name="US001_TC002,US001_TC003_4" time="0.979">
        <system-out>
            <![CDATA[Given Kullanıci medunna anasayfasina gider..................................passed
And kullanici registration sayfasina gider(navigate)........................passed
Given kullanici ssn kutusunu tiklar ve  ucuncu ve besinci haneden sonra herahngi bir isaret KOYMADAN DOKUZ haneli snn numaralarini girer "123344567".passed
Given kullanici ssn kutusunu tiklar ve  ucuncu ve besinci haneden sonra gerekli isareti koyduktundan sonra sekiz ve on haneli ssn girer "123344567".passed
Then Kullanici Your SSN is invalid mesajini görmeli.........................passed
]]>
        </system-out>
    </testcase>
    <testcase classname="US_001 registerpage" name="US001_TC002,US001_TC003_5" time="1.037">
        <system-out>
            <![CDATA[Given Kullanıci medunna anasayfasina gider..................................passed
And kullanici registration sayfasina gider(navigate)........................passed
Given kullanici ssn kutusunu tiklar ve  ucuncu ve besinci haneden sonra herahngi bir isaret KOYMADAN DOKUZ haneli snn numaralarini girer "906125436".passed
Given kullanici ssn kutusunu tiklar ve  ucuncu ve besinci haneden sonra gerekli isareti koyduktundan sonra sekiz ve on haneli ssn girer "906125436".passed
Then Kullanici Your SSN is invalid mesajini görmeli.........................passed
]]>
        </system-out>
    </testcase>
    <testcase classname="US_001 registerpage" name="US001_TC002,US001_TC003_6" time="0.975">
        <system-out>
            <![CDATA[Given Kullanıci medunna anasayfasina gider..................................passed
And kullanici registration sayfasina gider(navigate)........................passed
Given kullanici ssn kutusunu tiklar ve  ucuncu ve besinci haneden sonra herahngi bir isaret KOYMADAN DOKUZ haneli snn numaralarini girer "867112348".passed
Given kullanici ssn kutusunu tiklar ve  ucuncu ve besinci haneden sonra gerekli isareti koyduktundan sonra sekiz ve on haneli ssn girer "867112348".passed
Then Kullanici Your SSN is invalid mesajini görmeli.........................passed
]]>
        </system-out>
    </testcase>
    <testcase classname="US_001 registerpage" name="US001_TC004" time="15.631">
        <failure message="The following asserts failed:&#10;&#9;expected [false] but found [true]" type="java.lang.AssertionError">
            <![CDATA[Given Kullanıci medunna anasayfasina gider..................................passed
And kullanici registration sayfasina gider(navigate)........................passed
When kullanci ssn kutusunu bos birakmali....................................passed
Then kullanci your ssn is invalid mesaji almali.............................failed

StackTrace:
java.lang.AssertionError: The following asserts failed:
	expected [false] but found [true]
	at org.testng.asserts.SoftAssert.assertAll(SoftAssert.java:47)
	at org.testng.asserts.SoftAssert.assertAll(SoftAssert.java:31)
	at stepDefinitions.uiStepDefinitions.US_001_UI_StepDefinitions.kullanciYourSsnIsInvalidMesajiAlmali(US_001_UI_StepDefinitions.java:92)
	at ✽.kullanci your ssn is invalid mesaji almali(file:///C:/Users/ZULAL/IdeaProjects/team68Medunna/src/test/resources/features/uiFeatures/US_001_UI.feature:34)
]]>
        </failure>
    </testcase>
    <testcase classname="US_001 registerpage" name="US001_TC005" time="15.779">
        <system-out>
            <![CDATA[Given Kullanıci medunna anasayfasina gider..................................passed
And kullanici registration sayfasina gider(navigate)........................passed
Given kullanici herhangi bir karakter iceren ve bos birakilmayan gecerli bir first name girmelidir"bayram".passed
Then Kullanici uyari mesaji görmemeli.......................................passed
]]>
        </system-out>
    </testcase>
    <testcase classname="US_001 registerpage" name="US001_TC005_2" time="15.865">
        <system-out>
            <![CDATA[Given Kullanıci medunna anasayfasina gider..................................passed
And kullanici registration sayfasina gider(navigate)........................passed
Given kullanici herhangi bir karakter iceren ve bos birakilmayan gecerli bir first name girmelidir"ahmet".passed
Then Kullanici uyari mesaji görmemeli.......................................passed
]]>
        </system-out>
    </testcase>
    <testcase classname="US_001 registerpage" name="US001_TC005_3" time="15.813">
        <system-out>
            <![CDATA[Given Kullanıci medunna anasayfasina gider..................................passed
And kullanici registration sayfasina gider(navigate)........................passed
Given kullanici herhangi bir karakter iceren ve bos birakilmayan gecerli bir first name girmelidir"charlotte".passed
Then Kullanici uyari mesaji görmemeli.......................................passed
]]>
        </system-out>
    </testcase>
    <testcase classname="US_001 registerpage" name="US001_TC005_4" time="15.771">
        <system-out>
            <![CDATA[Given Kullanıci medunna anasayfasina gider..................................passed
And kullanici registration sayfasina gider(navigate)........................passed
Given kullanici herhangi bir karakter iceren ve bos birakilmayan gecerli bir first name girmelidir"damaris".passed
Then Kullanici uyari mesaji görmemeli.......................................passed
]]>
        </system-out>
    </testcase>
    <testcase classname="US_001 registerpage" name="US001_TC006,US001_TC007" time="15.862">
        <failure message="no such element: Unable to locate element: {&quot;method&quot;:&quot;xpath&quot;,&quot;selector&quot;:&quot;//div[text()='Your FirstName is required.']&quot;}&#10;  (Session info: chrome=104.0.5112.81)&#10;For documentation on this error, please visit: https://selenium.dev/exceptions/#no_such_element&#10;Build info: version: '4.1.3', revision: '7b1ebf28ef'&#10;System info: host: 'ZULAL-PC', ip: '192.168.1.23', os.name: 'Windows 10', os.arch: 'amd64', os.version: '10.0', java.version: '11.0.15'&#10;Driver info: org.openqa.selenium.chrome.ChromeDriver&#10;Command: [717c04d70c1be2376092bdd1365f3a44, findElement {using=xpath, value=//div[text()='Your FirstName is required.']}]&#10;Capabilities {acceptInsecureCerts: false, browserName: chrome, browserVersion: 104.0.5112.81, chrome: {chromedriverVersion: 104.0.5112.79 (3cf3e8c8a07d..., userDataDir: C:\Users\ZULAL\AppData\Loca...}, goog:chromeOptions: {debuggerAddress: localhost:56544}, javascriptEnabled: true, networkConnectionEnabled: false, pageLoadStrategy: normal, platform: WINDOWS, platformName: WINDOWS, proxy: Proxy(), se:cdp: ws://localhost:56544/devtoo..., se:cdpVersion: 104.0.5112.81, setWindowRect: true, strictFileInteractability: false, timeouts: {implicit: 0, pageLoad: 300000, script: 30000}, unhandledPromptBehavior: dismiss and notify, webauthn:extension:credBlob: true, webauthn:extension:largeBlob: true, webauthn:virtualAuthenticators: true}&#10;Session ID: 717c04d70c1be2376092bdd1365f3a44" type="org.openqa.selenium.NoSuchElementException">
            <![CDATA[Given Kullanıci medunna anasayfasina gider..................................passed
And kullanici registration sayfasina gider(navigate)........................passed
Given kullanici herhangi bir karakter iceren ve basta bos birakilan bir first name girmelidir "bayram".passed
Given kullanci herhangi bir karakter iceren ve ilkharf yazildiktan ve son harf yazilmadan önce herhangi bir yerde bosluk birakarak first name girmelidir"ak if".passed
Then Kullanici your firstname is required uyari mesajini görmeli............failed

StackTrace:
org.openqa.selenium.NoSuchElementException: no such element: Unable to locate element: {"method":"xpath","selector":"//div[text()='Your FirstName is required.']"}
  (Session info: chrome=104.0.5112.81)
For documentation on this error, please visit: https://selenium.dev/exceptions/#no_such_element
Build info: version: '4.1.3', revision: '7b1ebf28ef'
System info: host: 'ZULAL-PC', ip: '192.168.1.23', os.name: 'Windows 10', os.arch: 'amd64', os.version: '10.0', java.version: '11.0.15'
Driver info: org.openqa.selenium.chrome.ChromeDriver
Command: [717c04d70c1be2376092bdd1365f3a44, findElement {using=xpath, value=//div[text()='Your FirstName is required.']}]
Capabilities {acceptInsecureCerts: false, browserName: chrome, browserVersion: 104.0.5112.81, chrome: {chromedriverVersion: 104.0.5112.79 (3cf3e8c8a07d..., userDataDir: C:\Users\ZULAL\AppData\Loca...}, goog:chromeOptions: {debuggerAddress: localhost:56544}, javascriptEnabled: true, networkConnectionEnabled: false, pageLoadStrategy: normal, platform: WINDOWS, platformName: WINDOWS, proxy: Proxy(), se:cdp: ws://localhost:56544/devtoo..., se:cdpVersion: 104.0.5112.81, setWindowRect: true, strictFileInteractability: false, timeouts: {implicit: 0, pageLoad: 300000, script: 30000}, unhandledPromptBehavior: dismiss and notify, webauthn:extension:credBlob: true, webauthn:extension:largeBlob: true, webauthn:virtualAuthenticators: true}
Session ID: 717c04d70c1be2376092bdd1365f3a44
	at java.base/jdk.internal.reflect.NativeConstructorAccessorImpl.newInstance0(Native Method)
	at java.base/jdk.internal.reflect.NativeConstructorAccessorImpl.newInstance(NativeConstructorAccessorImpl.java:62)
	at java.base/jdk.internal.reflect.DelegatingConstructorAccessorImpl.newInstance(DelegatingConstructorAccessorImpl.java:45)
	at java.base/java.lang.reflect.Constructor.newInstance(Constructor.java:490)
	at org.openqa.selenium.remote.codec.w3c.W3CHttpResponseCodec.createException(W3CHttpResponseCodec.java:200)
	at org.openqa.selenium.remote.codec.w3c.W3CHttpResponseCodec.decode(W3CHttpResponseCodec.java:133)
	at org.openqa.selenium.remote.codec.w3c.W3CHttpResponseCodec.decode(W3CHttpResponseCodec.java:53)
	at org.openqa.selenium.remote.HttpCommandExecutor.execute(HttpCommandExecutor.java:184)
	at org.openqa.selenium.remote.service.DriverCommandExecutor.invokeExecute(DriverCommandExecutor.java:167)
	at org.openqa.selenium.remote.service.DriverCommandExecutor.execute(DriverCommandExecutor.java:142)
	at org.openqa.selenium.remote.RemoteWebDriver.execute(RemoteWebDriver.java:567)
	at org.openqa.selenium.remote.ElementLocation$ElementFinder$2.findElement(ElementLocation.java:162)
	at org.openqa.selenium.remote.ElementLocation.findElement(ElementLocation.java:60)
	at org.openqa.selenium.remote.RemoteWebDriver.findElement(RemoteWebDriver.java:385)
	at org.openqa.selenium.remote.RemoteWebDriver.findElement(RemoteWebDriver.java:377)
	at org.openqa.selenium.support.pagefactory.DefaultElementLocator.findElement(DefaultElementLocator.java:70)
	at org.openqa.selenium.support.pagefactory.internal.LocatingElementHandler.invoke(LocatingElementHandler.java:39)
	at com.sun.proxy.$Proxy22.isDisplayed(Unknown Source)
	at stepDefinitions.uiStepDefinitions.US_001_UI_StepDefinitions.kullaniciYourFirstnameIsRequiredUyariMesajiniGörmeli(US_001_UI_StepDefinitions.java:130)
	at ✽.Kullanici your firstname is required uyari mesajini görmeli(file:///C:/Users/ZULAL/IdeaProjects/team68Medunna/src/test/resources/features/uiFeatures/US_001_UI.feature:53)
]]>
        </failure>
    </testcase>
    <testcase classname="US_001 registerpage" name="US001_TC006,US001_TC007_2" time="15.992">
        <failure message="no such element: Unable to locate element: {&quot;method&quot;:&quot;xpath&quot;,&quot;selector&quot;:&quot;//div[text()='Your FirstName is required.']&quot;}&#10;  (Session info: chrome=104.0.5112.81)&#10;For documentation on this error, please visit: https://selenium.dev/exceptions/#no_such_element&#10;Build info: version: '4.1.3', revision: '7b1ebf28ef'&#10;System info: host: 'ZULAL-PC', ip: '192.168.1.23', os.name: 'Windows 10', os.arch: 'amd64', os.version: '10.0', java.version: '11.0.15'&#10;Driver info: org.openqa.selenium.chrome.ChromeDriver&#10;Command: [717c04d70c1be2376092bdd1365f3a44, findElement {using=xpath, value=//div[text()='Your FirstName is required.']}]&#10;Capabilities {acceptInsecureCerts: false, browserName: chrome, browserVersion: 104.0.5112.81, chrome: {chromedriverVersion: 104.0.5112.79 (3cf3e8c8a07d..., userDataDir: C:\Users\ZULAL\AppData\Loca...}, goog:chromeOptions: {debuggerAddress: localhost:56544}, javascriptEnabled: true, networkConnectionEnabled: false, pageLoadStrategy: normal, platform: WINDOWS, platformName: WINDOWS, proxy: Proxy(), se:cdp: ws://localhost:56544/devtoo..., se:cdpVersion: 104.0.5112.81, setWindowRect: true, strictFileInteractability: false, timeouts: {implicit: 0, pageLoad: 300000, script: 30000}, unhandledPromptBehavior: dismiss and notify, webauthn:extension:credBlob: true, webauthn:extension:largeBlob: true, webauthn:virtualAuthenticators: true}&#10;Session ID: 717c04d70c1be2376092bdd1365f3a44" type="org.openqa.selenium.NoSuchElementException">
            <![CDATA[Given Kullanıci medunna anasayfasina gider..................................passed
And kullanici registration sayfasina gider(navigate)........................passed
Given kullanici herhangi bir karakter iceren ve basta bos birakilan bir first name girmelidir "ahmet".passed
Given kullanci herhangi bir karakter iceren ve ilkharf yazildiktan ve son harf yazilmadan önce herhangi bir yerde bosluk birakarak first name girmelidir"meh met".passed
Then Kullanici your firstname is required uyari mesajini görmeli............failed

StackTrace:
org.openqa.selenium.NoSuchElementException: no such element: Unable to locate element: {"method":"xpath","selector":"//div[text()='Your FirstName is required.']"}
  (Session info: chrome=104.0.5112.81)
For documentation on this error, please visit: https://selenium.dev/exceptions/#no_such_element
Build info: version: '4.1.3', revision: '7b1ebf28ef'
System info: host: 'ZULAL-PC', ip: '192.168.1.23', os.name: 'Windows 10', os.arch: 'amd64', os.version: '10.0', java.version: '11.0.15'
Driver info: org.openqa.selenium.chrome.ChromeDriver
Command: [717c04d70c1be2376092bdd1365f3a44, findElement {using=xpath, value=//div[text()='Your FirstName is required.']}]
Capabilities {acceptInsecureCerts: false, browserName: chrome, browserVersion: 104.0.5112.81, chrome: {chromedriverVersion: 104.0.5112.79 (3cf3e8c8a07d..., userDataDir: C:\Users\ZULAL\AppData\Loca...}, goog:chromeOptions: {debuggerAddress: localhost:56544}, javascriptEnabled: true, networkConnectionEnabled: false, pageLoadStrategy: normal, platform: WINDOWS, platformName: WINDOWS, proxy: Proxy(), se:cdp: ws://localhost:56544/devtoo..., se:cdpVersion: 104.0.5112.81, setWindowRect: true, strictFileInteractability: false, timeouts: {implicit: 0, pageLoad: 300000, script: 30000}, unhandledPromptBehavior: dismiss and notify, webauthn:extension:credBlob: true, webauthn:extension:largeBlob: true, webauthn:virtualAuthenticators: true}
Session ID: 717c04d70c1be2376092bdd1365f3a44
	at java.base/jdk.internal.reflect.NativeConstructorAccessorImpl.newInstance0(Native Method)
	at java.base/jdk.internal.reflect.NativeConstructorAccessorImpl.newInstance(NativeConstructorAccessorImpl.java:62)
	at java.base/jdk.internal.reflect.DelegatingConstructorAccessorImpl.newInstance(DelegatingConstructorAccessorImpl.java:45)
	at java.base/java.lang.reflect.Constructor.newInstance(Constructor.java:490)
	at org.openqa.selenium.remote.codec.w3c.W3CHttpResponseCodec.createException(W3CHttpResponseCodec.java:200)
	at org.openqa.selenium.remote.codec.w3c.W3CHttpResponseCodec.decode(W3CHttpResponseCodec.java:133)
	at org.openqa.selenium.remote.codec.w3c.W3CHttpResponseCodec.decode(W3CHttpResponseCodec.java:53)
	at org.openqa.selenium.remote.HttpCommandExecutor.execute(HttpCommandExecutor.java:184)
	at org.openqa.selenium.remote.service.DriverCommandExecutor.invokeExecute(DriverCommandExecutor.java:167)
	at org.openqa.selenium.remote.service.DriverCommandExecutor.execute(DriverCommandExecutor.java:142)
	at org.openqa.selenium.remote.RemoteWebDriver.execute(RemoteWebDriver.java:567)
	at org.openqa.selenium.remote.ElementLocation$ElementFinder$2.findElement(ElementLocation.java:162)
	at org.openqa.selenium.remote.ElementLocation.findElement(ElementLocation.java:60)
	at org.openqa.selenium.remote.RemoteWebDriver.findElement(RemoteWebDriver.java:385)
	at org.openqa.selenium.remote.RemoteWebDriver.findElement(RemoteWebDriver.java:377)
	at org.openqa.selenium.support.pagefactory.DefaultElementLocator.findElement(DefaultElementLocator.java:70)
	at org.openqa.selenium.support.pagefactory.internal.LocatingElementHandler.invoke(LocatingElementHandler.java:39)
	at com.sun.proxy.$Proxy22.isDisplayed(Unknown Source)
	at stepDefinitions.uiStepDefinitions.US_001_UI_StepDefinitions.kullaniciYourFirstnameIsRequiredUyariMesajiniGörmeli(US_001_UI_StepDefinitions.java:130)
	at ✽.Kullanici your firstname is required uyari mesajini görmeli(file:///C:/Users/ZULAL/IdeaProjects/team68Medunna/src/test/resources/features/uiFeatures/US_001_UI.feature:53)
]]>
        </failure>
    </testcase>
    <testcase classname="US_001 registerpage" name="US001_TC006,US001_TC007_3" time="16.008">
        <failure message="no such element: Unable to locate element: {&quot;method&quot;:&quot;xpath&quot;,&quot;selector&quot;:&quot;//div[text()='Your FirstName is required.']&quot;}&#10;  (Session info: chrome=104.0.5112.81)&#10;For documentation on this error, please visit: https://selenium.dev/exceptions/#no_such_element&#10;Build info: version: '4.1.3', revision: '7b1ebf28ef'&#10;System info: host: 'ZULAL-PC', ip: '192.168.1.23', os.name: 'Windows 10', os.arch: 'amd64', os.version: '10.0', java.version: '11.0.15'&#10;Driver info: org.openqa.selenium.chrome.ChromeDriver&#10;Command: [717c04d70c1be2376092bdd1365f3a44, findElement {using=xpath, value=//div[text()='Your FirstName is required.']}]&#10;Capabilities {acceptInsecureCerts: false, browserName: chrome, browserVersion: 104.0.5112.81, chrome: {chromedriverVersion: 104.0.5112.79 (3cf3e8c8a07d..., userDataDir: C:\Users\ZULAL\AppData\Loca...}, goog:chromeOptions: {debuggerAddress: localhost:56544}, javascriptEnabled: true, networkConnectionEnabled: false, pageLoadStrategy: normal, platform: WINDOWS, platformName: WINDOWS, proxy: Proxy(), se:cdp: ws://localhost:56544/devtoo..., se:cdpVersion: 104.0.5112.81, setWindowRect: true, strictFileInteractability: false, timeouts: {implicit: 0, pageLoad: 300000, script: 30000}, unhandledPromptBehavior: dismiss and notify, webauthn:extension:credBlob: true, webauthn:extension:largeBlob: true, webauthn:virtualAuthenticators: true}&#10;Session ID: 717c04d70c1be2376092bdd1365f3a44" type="org.openqa.selenium.NoSuchElementException">
            <![CDATA[Given Kullanıci medunna anasayfasina gider..................................passed
And kullanici registration sayfasina gider(navigate)........................passed
Given kullanici herhangi bir karakter iceren ve basta bos birakilan bir first name girmelidir "charlotte".passed
Given kullanci herhangi bir karakter iceren ve ilkharf yazildiktan ve son harf yazilmadan önce herhangi bir yerde bosluk birakarak first name girmelidir"ti na".passed
Then Kullanici your firstname is required uyari mesajini görmeli............failed

StackTrace:
org.openqa.selenium.NoSuchElementException: no such element: Unable to locate element: {"method":"xpath","selector":"//div[text()='Your FirstName is required.']"}
  (Session info: chrome=104.0.5112.81)
For documentation on this error, please visit: https://selenium.dev/exceptions/#no_such_element
Build info: version: '4.1.3', revision: '7b1ebf28ef'
System info: host: 'ZULAL-PC', ip: '192.168.1.23', os.name: 'Windows 10', os.arch: 'amd64', os.version: '10.0', java.version: '11.0.15'
Driver info: org.openqa.selenium.chrome.ChromeDriver
Command: [717c04d70c1be2376092bdd1365f3a44, findElement {using=xpath, value=//div[text()='Your FirstName is required.']}]
Capabilities {acceptInsecureCerts: false, browserName: chrome, browserVersion: 104.0.5112.81, chrome: {chromedriverVersion: 104.0.5112.79 (3cf3e8c8a07d..., userDataDir: C:\Users\ZULAL\AppData\Loca...}, goog:chromeOptions: {debuggerAddress: localhost:56544}, javascriptEnabled: true, networkConnectionEnabled: false, pageLoadStrategy: normal, platform: WINDOWS, platformName: WINDOWS, proxy: Proxy(), se:cdp: ws://localhost:56544/devtoo..., se:cdpVersion: 104.0.5112.81, setWindowRect: true, strictFileInteractability: false, timeouts: {implicit: 0, pageLoad: 300000, script: 30000}, unhandledPromptBehavior: dismiss and notify, webauthn:extension:credBlob: true, webauthn:extension:largeBlob: true, webauthn:virtualAuthenticators: true}
Session ID: 717c04d70c1be2376092bdd1365f3a44
	at java.base/jdk.internal.reflect.NativeConstructorAccessorImpl.newInstance0(Native Method)
	at java.base/jdk.internal.reflect.NativeConstructorAccessorImpl.newInstance(NativeConstructorAccessorImpl.java:62)
	at java.base/jdk.internal.reflect.DelegatingConstructorAccessorImpl.newInstance(DelegatingConstructorAccessorImpl.java:45)
	at java.base/java.lang.reflect.Constructor.newInstance(Constructor.java:490)
	at org.openqa.selenium.remote.codec.w3c.W3CHttpResponseCodec.createException(W3CHttpResponseCodec.java:200)
	at org.openqa.selenium.remote.codec.w3c.W3CHttpResponseCodec.decode(W3CHttpResponseCodec.java:133)
	at org.openqa.selenium.remote.codec.w3c.W3CHttpResponseCodec.decode(W3CHttpResponseCodec.java:53)
	at org.openqa.selenium.remote.HttpCommandExecutor.execute(HttpCommandExecutor.java:184)
	at org.openqa.selenium.remote.service.DriverCommandExecutor.invokeExecute(DriverCommandExecutor.java:167)
	at org.openqa.selenium.remote.service.DriverCommandExecutor.execute(DriverCommandExecutor.java:142)
	at org.openqa.selenium.remote.RemoteWebDriver.execute(RemoteWebDriver.java:567)
	at org.openqa.selenium.remote.ElementLocation$ElementFinder$2.findElement(ElementLocation.java:162)
	at org.openqa.selenium.remote.ElementLocation.findElement(ElementLocation.java:60)
	at org.openqa.selenium.remote.RemoteWebDriver.findElement(RemoteWebDriver.java:385)
	at org.openqa.selenium.remote.RemoteWebDriver.findElement(RemoteWebDriver.java:377)
	at org.openqa.selenium.support.pagefactory.DefaultElementLocator.findElement(DefaultElementLocator.java:70)
	at org.openqa.selenium.support.pagefactory.internal.LocatingElementHandler.invoke(LocatingElementHandler.java:39)
	at com.sun.proxy.$Proxy22.isDisplayed(Unknown Source)
	at stepDefinitions.uiStepDefinitions.US_001_UI_StepDefinitions.kullaniciYourFirstnameIsRequiredUyariMesajiniGörmeli(US_001_UI_StepDefinitions.java:130)
	at ✽.Kullanici your firstname is required uyari mesajini görmeli(file:///C:/Users/ZULAL/IdeaProjects/team68Medunna/src/test/resources/features/uiFeatures/US_001_UI.feature:53)
]]>
        </failure>
    </testcase>
    <testcase classname="US_001 registerpage" name="US001_TC006,US001_TC007_4" time="16.143">
        <failure message="no such element: Unable to locate element: {&quot;method&quot;:&quot;xpath&quot;,&quot;selector&quot;:&quot;//div[text()='Your FirstName is required.']&quot;}&#10;  (Session info: chrome=104.0.5112.81)&#10;For documentation on this error, please visit: https://selenium.dev/exceptions/#no_such_element&#10;Build info: version: '4.1.3', revision: '7b1ebf28ef'&#10;System info: host: 'ZULAL-PC', ip: '192.168.1.23', os.name: 'Windows 10', os.arch: 'amd64', os.version: '10.0', java.version: '11.0.15'&#10;Driver info: org.openqa.selenium.chrome.ChromeDriver&#10;Command: [717c04d70c1be2376092bdd1365f3a44, findElement {using=xpath, value=//div[text()='Your FirstName is required.']}]&#10;Capabilities {acceptInsecureCerts: false, browserName: chrome, browserVersion: 104.0.5112.81, chrome: {chromedriverVersion: 104.0.5112.79 (3cf3e8c8a07d..., userDataDir: C:\Users\ZULAL\AppData\Loca...}, goog:chromeOptions: {debuggerAddress: localhost:56544}, javascriptEnabled: true, networkConnectionEnabled: false, pageLoadStrategy: normal, platform: WINDOWS, platformName: WINDOWS, proxy: Proxy(), se:cdp: ws://localhost:56544/devtoo..., se:cdpVersion: 104.0.5112.81, setWindowRect: true, strictFileInteractability: false, timeouts: {implicit: 0, pageLoad: 300000, script: 30000}, unhandledPromptBehavior: dismiss and notify, webauthn:extension:credBlob: true, webauthn:extension:largeBlob: true, webauthn:virtualAuthenticators: true}&#10;Session ID: 717c04d70c1be2376092bdd1365f3a44" type="org.openqa.selenium.NoSuchElementException">
            <![CDATA[Given Kullanıci medunna anasayfasina gider..................................passed
And kullanici registration sayfasina gider(navigate)........................passed
Given kullanici herhangi bir karakter iceren ve basta bos birakilan bir first name girmelidir "damaris".passed
Given kullanci herhangi bir karakter iceren ve ilkharf yazildiktan ve son harf yazilmadan önce herhangi bir yerde bosluk birakarak first name girmelidir"charlott e".passed
Then Kullanici your firstname is required uyari mesajini görmeli............failed

StackTrace:
org.openqa.selenium.NoSuchElementException: no such element: Unable to locate element: {"method":"xpath","selector":"//div[text()='Your FirstName is required.']"}
  (Session info: chrome=104.0.5112.81)
For documentation on this error, please visit: https://selenium.dev/exceptions/#no_such_element
Build info: version: '4.1.3', revision: '7b1ebf28ef'
System info: host: 'ZULAL-PC', ip: '192.168.1.23', os.name: 'Windows 10', os.arch: 'amd64', os.version: '10.0', java.version: '11.0.15'
Driver info: org.openqa.selenium.chrome.ChromeDriver
Command: [717c04d70c1be2376092bdd1365f3a44, findElement {using=xpath, value=//div[text()='Your FirstName is required.']}]
Capabilities {acceptInsecureCerts: false, browserName: chrome, browserVersion: 104.0.5112.81, chrome: {chromedriverVersion: 104.0.5112.79 (3cf3e8c8a07d..., userDataDir: C:\Users\ZULAL\AppData\Loca...}, goog:chromeOptions: {debuggerAddress: localhost:56544}, javascriptEnabled: true, networkConnectionEnabled: false, pageLoadStrategy: normal, platform: WINDOWS, platformName: WINDOWS, proxy: Proxy(), se:cdp: ws://localhost:56544/devtoo..., se:cdpVersion: 104.0.5112.81, setWindowRect: true, strictFileInteractability: false, timeouts: {implicit: 0, pageLoad: 300000, script: 30000}, unhandledPromptBehavior: dismiss and notify, webauthn:extension:credBlob: true, webauthn:extension:largeBlob: true, webauthn:virtualAuthenticators: true}
Session ID: 717c04d70c1be2376092bdd1365f3a44
	at java.base/jdk.internal.reflect.NativeConstructorAccessorImpl.newInstance0(Native Method)
	at java.base/jdk.internal.reflect.NativeConstructorAccessorImpl.newInstance(NativeConstructorAccessorImpl.java:62)
	at java.base/jdk.internal.reflect.DelegatingConstructorAccessorImpl.newInstance(DelegatingConstructorAccessorImpl.java:45)
	at java.base/java.lang.reflect.Constructor.newInstance(Constructor.java:490)
	at org.openqa.selenium.remote.codec.w3c.W3CHttpResponseCodec.createException(W3CHttpResponseCodec.java:200)
	at org.openqa.selenium.remote.codec.w3c.W3CHttpResponseCodec.decode(W3CHttpResponseCodec.java:133)
	at org.openqa.selenium.remote.codec.w3c.W3CHttpResponseCodec.decode(W3CHttpResponseCodec.java:53)
	at org.openqa.selenium.remote.HttpCommandExecutor.execute(HttpCommandExecutor.java:184)
	at org.openqa.selenium.remote.service.DriverCommandExecutor.invokeExecute(DriverCommandExecutor.java:167)
	at org.openqa.selenium.remote.service.DriverCommandExecutor.execute(DriverCommandExecutor.java:142)
	at org.openqa.selenium.remote.RemoteWebDriver.execute(RemoteWebDriver.java:567)
	at org.openqa.selenium.remote.ElementLocation$ElementFinder$2.findElement(ElementLocation.java:162)
	at org.openqa.selenium.remote.ElementLocation.findElement(ElementLocation.java:60)
	at org.openqa.selenium.remote.RemoteWebDriver.findElement(RemoteWebDriver.java:385)
	at org.openqa.selenium.remote.RemoteWebDriver.findElement(RemoteWebDriver.java:377)
	at org.openqa.selenium.support.pagefactory.DefaultElementLocator.findElement(DefaultElementLocator.java:70)
	at org.openqa.selenium.support.pagefactory.internal.LocatingElementHandler.invoke(LocatingElementHandler.java:39)
	at com.sun.proxy.$Proxy22.isDisplayed(Unknown Source)
	at stepDefinitions.uiStepDefinitions.US_001_UI_StepDefinitions.kullaniciYourFirstnameIsRequiredUyariMesajiniGörmeli(US_001_UI_StepDefinitions.java:130)
	at ✽.Kullanici your firstname is required uyari mesajini görmeli(file:///C:/Users/ZULAL/IdeaProjects/team68Medunna/src/test/resources/features/uiFeatures/US_001_UI.feature:53)
]]>
        </failure>
    </testcase>
    <testcase classname="US_001 registerpage" name="US001_TC008" time="1.002">
        <failure message="The following asserts failed:&#10;&#9;expected [false] but found [true]" type="java.lang.AssertionError">
            <![CDATA[Given Kullanıci medunna anasayfasina gider..................................passed
And kullanici registration sayfasina gider(navigate)........................passed
When kullanici first name kutusunu bos birakmali............................passed
Then kullanci first name is required mesajini almali........................failed

StackTrace:
java.lang.AssertionError: The following asserts failed:
	expected [false] but found [true]
	at org.testng.asserts.SoftAssert.assertAll(SoftAssert.java:47)
	at org.testng.asserts.SoftAssert.assertAll(SoftAssert.java:31)
	at stepDefinitions.uiStepDefinitions.US_001_UI_StepDefinitions.kullanciFirstNameIsRequiredMesajiniAlmali(US_001_UI_StepDefinitions.java:151)
	at ✽.kullanci first name is required mesajini almali(file:///C:/Users/ZULAL/IdeaProjects/team68Medunna/src/test/resources/features/uiFeatures/US_001_UI.feature:64)
]]>
        </failure>
    </testcase>
    <testcase classname="US_001 registerpage" name="US001_TC009,US001_TC010,US001_TC011" time="16.447">
        <failure message="no such element: Unable to locate element: {&quot;method&quot;:&quot;xpath&quot;,&quot;selector&quot;:&quot;//div[text()='Your LastName is required.']&quot;}&#10;  (Session info: chrome=104.0.5112.81)&#10;For documentation on this error, please visit: https://selenium.dev/exceptions/#no_such_element&#10;Build info: version: '4.1.3', revision: '7b1ebf28ef'&#10;System info: host: 'ZULAL-PC', ip: '192.168.1.23', os.name: 'Windows 10', os.arch: 'amd64', os.version: '10.0', java.version: '11.0.15'&#10;Driver info: org.openqa.selenium.chrome.ChromeDriver&#10;Command: [717c04d70c1be2376092bdd1365f3a44, findElement {using=xpath, value=//div[text()='Your LastName is required.']}]&#10;Capabilities {acceptInsecureCerts: false, browserName: chrome, browserVersion: 104.0.5112.81, chrome: {chromedriverVersion: 104.0.5112.79 (3cf3e8c8a07d..., userDataDir: C:\Users\ZULAL\AppData\Loca...}, goog:chromeOptions: {debuggerAddress: localhost:56544}, javascriptEnabled: true, networkConnectionEnabled: false, pageLoadStrategy: normal, platform: WINDOWS, platformName: WINDOWS, proxy: Proxy(), se:cdp: ws://localhost:56544/devtoo..., se:cdpVersion: 104.0.5112.81, setWindowRect: true, strictFileInteractability: false, timeouts: {implicit: 0, pageLoad: 300000, script: 30000}, unhandledPromptBehavior: dismiss and notify, webauthn:extension:credBlob: true, webauthn:extension:largeBlob: true, webauthn:virtualAuthenticators: true}&#10;Session ID: 717c04d70c1be2376092bdd1365f3a44" type="org.openqa.selenium.NoSuchElementException">
            <![CDATA[Given Kullanıci medunna anasayfasina gider..................................passed
And kullanici registration sayfasina gider(navigate)........................passed
Given kullanici hrhangi bir karakter iceren ancak BASTA bosluk birakarak bir last name girer "heuser".passed
Given kullanici hrhangi bir karakter iceren ancak ORTADA bosluk birakarak bir last name girer "heu ser".passed
Then kullanci your last name is required mesajini görmeli...................failed

StackTrace:
org.openqa.selenium.NoSuchElementException: no such element: Unable to locate element: {"method":"xpath","selector":"//div[text()='Your LastName is required.']"}
  (Session info: chrome=104.0.5112.81)
For documentation on this error, please visit: https://selenium.dev/exceptions/#no_such_element
Build info: version: '4.1.3', revision: '7b1ebf28ef'
System info: host: 'ZULAL-PC', ip: '192.168.1.23', os.name: 'Windows 10', os.arch: 'amd64', os.version: '10.0', java.version: '11.0.15'
Driver info: org.openqa.selenium.chrome.ChromeDriver
Command: [717c04d70c1be2376092bdd1365f3a44, findElement {using=xpath, value=//div[text()='Your LastName is required.']}]
Capabilities {acceptInsecureCerts: false, browserName: chrome, browserVersion: 104.0.5112.81, chrome: {chromedriverVersion: 104.0.5112.79 (3cf3e8c8a07d..., userDataDir: C:\Users\ZULAL\AppData\Loca...}, goog:chromeOptions: {debuggerAddress: localhost:56544}, javascriptEnabled: true, networkConnectionEnabled: false, pageLoadStrategy: normal, platform: WINDOWS, platformName: WINDOWS, proxy: Proxy(), se:cdp: ws://localhost:56544/devtoo..., se:cdpVersion: 104.0.5112.81, setWindowRect: true, strictFileInteractability: false, timeouts: {implicit: 0, pageLoad: 300000, script: 30000}, unhandledPromptBehavior: dismiss and notify, webauthn:extension:credBlob: true, webauthn:extension:largeBlob: true, webauthn:virtualAuthenticators: true}
Session ID: 717c04d70c1be2376092bdd1365f3a44
	at java.base/jdk.internal.reflect.NativeConstructorAccessorImpl.newInstance0(Native Method)
	at java.base/jdk.internal.reflect.NativeConstructorAccessorImpl.newInstance(NativeConstructorAccessorImpl.java:62)
	at java.base/jdk.internal.reflect.DelegatingConstructorAccessorImpl.newInstance(DelegatingConstructorAccessorImpl.java:45)
	at java.base/java.lang.reflect.Constructor.newInstance(Constructor.java:490)
	at org.openqa.selenium.remote.codec.w3c.W3CHttpResponseCodec.createException(W3CHttpResponseCodec.java:200)
	at org.openqa.selenium.remote.codec.w3c.W3CHttpResponseCodec.decode(W3CHttpResponseCodec.java:133)
	at org.openqa.selenium.remote.codec.w3c.W3CHttpResponseCodec.decode(W3CHttpResponseCodec.java:53)
	at org.openqa.selenium.remote.HttpCommandExecutor.execute(HttpCommandExecutor.java:184)
	at org.openqa.selenium.remote.service.DriverCommandExecutor.invokeExecute(DriverCommandExecutor.java:167)
	at org.openqa.selenium.remote.service.DriverCommandExecutor.execute(DriverCommandExecutor.java:142)
	at org.openqa.selenium.remote.RemoteWebDriver.execute(RemoteWebDriver.java:567)
	at org.openqa.selenium.remote.ElementLocation$ElementFinder$2.findElement(ElementLocation.java:162)
	at org.openqa.selenium.remote.ElementLocation.findElement(ElementLocation.java:60)
	at org.openqa.selenium.remote.RemoteWebDriver.findElement(RemoteWebDriver.java:385)
	at org.openqa.selenium.remote.RemoteWebDriver.findElement(RemoteWebDriver.java:377)
	at org.openqa.selenium.support.pagefactory.DefaultElementLocator.findElement(DefaultElementLocator.java:70)
	at org.openqa.selenium.support.pagefactory.internal.LocatingElementHandler.invoke(LocatingElementHandler.java:39)
	at com.sun.proxy.$Proxy22.isDisplayed(Unknown Source)
	at stepDefinitions.uiStepDefinitions.US_001_UI_StepDefinitions.kullanciYourLastNameIsRequiredMesajiniGörmeli(US_001_UI_StepDefinitions.java:188)
	at ✽.kullanci your last name is required mesajini görmeli(file:///C:/Users/ZULAL/IdeaProjects/team68Medunna/src/test/resources/features/uiFeatures/US_001_UI.feature:70)
]]>
        </failure>
    </testcase>
    <testcase classname="US_001 registerpage" name="US001_TC009,US001_TC010,US001_TC011_2" time="16.09">
        <failure message="no such element: Unable to locate element: {&quot;method&quot;:&quot;xpath&quot;,&quot;selector&quot;:&quot;//div[text()='Your LastName is required.']&quot;}&#10;  (Session info: chrome=104.0.5112.81)&#10;For documentation on this error, please visit: https://selenium.dev/exceptions/#no_such_element&#10;Build info: version: '4.1.3', revision: '7b1ebf28ef'&#10;System info: host: 'ZULAL-PC', ip: '192.168.1.23', os.name: 'Windows 10', os.arch: 'amd64', os.version: '10.0', java.version: '11.0.15'&#10;Driver info: org.openqa.selenium.chrome.ChromeDriver&#10;Command: [717c04d70c1be2376092bdd1365f3a44, findElement {using=xpath, value=//div[text()='Your LastName is required.']}]&#10;Capabilities {acceptInsecureCerts: false, browserName: chrome, browserVersion: 104.0.5112.81, chrome: {chromedriverVersion: 104.0.5112.79 (3cf3e8c8a07d..., userDataDir: C:\Users\ZULAL\AppData\Loca...}, goog:chromeOptions: {debuggerAddress: localhost:56544}, javascriptEnabled: true, networkConnectionEnabled: false, pageLoadStrategy: normal, platform: WINDOWS, platformName: WINDOWS, proxy: Proxy(), se:cdp: ws://localhost:56544/devtoo..., se:cdpVersion: 104.0.5112.81, setWindowRect: true, strictFileInteractability: false, timeouts: {implicit: 0, pageLoad: 300000, script: 30000}, unhandledPromptBehavior: dismiss and notify, webauthn:extension:credBlob: true, webauthn:extension:largeBlob: true, webauthn:virtualAuthenticators: true}&#10;Session ID: 717c04d70c1be2376092bdd1365f3a44" type="org.openqa.selenium.NoSuchElementException">
            <![CDATA[Given Kullanıci medunna anasayfasina gider..................................passed
And kullanici registration sayfasina gider(navigate)........................passed
Given kullanici hrhangi bir karakter iceren ancak BASTA bosluk birakarak bir last name girer "Heus34er".passed
Given kullanici hrhangi bir karakter iceren ancak ORTADA bosluk birakarak bir last name girer "H eus34er".passed
Then kullanci your last name is required mesajini görmeli...................failed

StackTrace:
org.openqa.selenium.NoSuchElementException: no such element: Unable to locate element: {"method":"xpath","selector":"//div[text()='Your LastName is required.']"}
  (Session info: chrome=104.0.5112.81)
For documentation on this error, please visit: https://selenium.dev/exceptions/#no_such_element
Build info: version: '4.1.3', revision: '7b1ebf28ef'
System info: host: 'ZULAL-PC', ip: '192.168.1.23', os.name: 'Windows 10', os.arch: 'amd64', os.version: '10.0', java.version: '11.0.15'
Driver info: org.openqa.selenium.chrome.ChromeDriver
Command: [717c04d70c1be2376092bdd1365f3a44, findElement {using=xpath, value=//div[text()='Your LastName is required.']}]
Capabilities {acceptInsecureCerts: false, browserName: chrome, browserVersion: 104.0.5112.81, chrome: {chromedriverVersion: 104.0.5112.79 (3cf3e8c8a07d..., userDataDir: C:\Users\ZULAL\AppData\Loca...}, goog:chromeOptions: {debuggerAddress: localhost:56544}, javascriptEnabled: true, networkConnectionEnabled: false, pageLoadStrategy: normal, platform: WINDOWS, platformName: WINDOWS, proxy: Proxy(), se:cdp: ws://localhost:56544/devtoo..., se:cdpVersion: 104.0.5112.81, setWindowRect: true, strictFileInteractability: false, timeouts: {implicit: 0, pageLoad: 300000, script: 30000}, unhandledPromptBehavior: dismiss and notify, webauthn:extension:credBlob: true, webauthn:extension:largeBlob: true, webauthn:virtualAuthenticators: true}
Session ID: 717c04d70c1be2376092bdd1365f3a44
	at jdk.internal.reflect.GeneratedConstructorAccessor17.newInstance(Unknown Source)
	at java.base/jdk.internal.reflect.DelegatingConstructorAccessorImpl.newInstance(DelegatingConstructorAccessorImpl.java:45)
	at java.base/java.lang.reflect.Constructor.newInstance(Constructor.java:490)
	at org.openqa.selenium.remote.codec.w3c.W3CHttpResponseCodec.createException(W3CHttpResponseCodec.java:200)
	at org.openqa.selenium.remote.codec.w3c.W3CHttpResponseCodec.decode(W3CHttpResponseCodec.java:133)
	at org.openqa.selenium.remote.codec.w3c.W3CHttpResponseCodec.decode(W3CHttpResponseCodec.java:53)
	at org.openqa.selenium.remote.HttpCommandExecutor.execute(HttpCommandExecutor.java:184)
	at org.openqa.selenium.remote.service.DriverCommandExecutor.invokeExecute(DriverCommandExecutor.java:167)
	at org.openqa.selenium.remote.service.DriverCommandExecutor.execute(DriverCommandExecutor.java:142)
	at org.openqa.selenium.remote.RemoteWebDriver.execute(RemoteWebDriver.java:567)
	at org.openqa.selenium.remote.ElementLocation$ElementFinder$2.findElement(ElementLocation.java:162)
	at org.openqa.selenium.remote.ElementLocation.findElement(ElementLocation.java:60)
	at org.openqa.selenium.remote.RemoteWebDriver.findElement(RemoteWebDriver.java:385)
	at org.openqa.selenium.remote.RemoteWebDriver.findElement(RemoteWebDriver.java:377)
	at org.openqa.selenium.support.pagefactory.DefaultElementLocator.findElement(DefaultElementLocator.java:70)
	at org.openqa.selenium.support.pagefactory.internal.LocatingElementHandler.invoke(LocatingElementHandler.java:39)
	at com.sun.proxy.$Proxy22.isDisplayed(Unknown Source)
	at stepDefinitions.uiStepDefinitions.US_001_UI_StepDefinitions.kullanciYourLastNameIsRequiredMesajiniGörmeli(US_001_UI_StepDefinitions.java:188)
	at ✽.kullanci your last name is required mesajini görmeli(file:///C:/Users/ZULAL/IdeaProjects/team68Medunna/src/test/resources/features/uiFeatures/US_001_UI.feature:70)
]]>
        </failure>
    </testcase>
    <testcase classname="US_001 registerpage" name="US001_TC009,US001_TC010,US001_TC011_3" time="16.102">
        <failure message="no such element: Unable to locate element: {&quot;method&quot;:&quot;xpath&quot;,&quot;selector&quot;:&quot;//div[text()='Your LastName is required.']&quot;}&#10;  (Session info: chrome=104.0.5112.81)&#10;For documentation on this error, please visit: https://selenium.dev/exceptions/#no_such_element&#10;Build info: version: '4.1.3', revision: '7b1ebf28ef'&#10;System info: host: 'ZULAL-PC', ip: '192.168.1.23', os.name: 'Windows 10', os.arch: 'amd64', os.version: '10.0', java.version: '11.0.15'&#10;Driver info: org.openqa.selenium.chrome.ChromeDriver&#10;Command: [717c04d70c1be2376092bdd1365f3a44, findElement {using=xpath, value=//div[text()='Your LastName is required.']}]&#10;Capabilities {acceptInsecureCerts: false, browserName: chrome, browserVersion: 104.0.5112.81, chrome: {chromedriverVersion: 104.0.5112.79 (3cf3e8c8a07d..., userDataDir: C:\Users\ZULAL\AppData\Loca...}, goog:chromeOptions: {debuggerAddress: localhost:56544}, javascriptEnabled: true, networkConnectionEnabled: false, pageLoadStrategy: normal, platform: WINDOWS, platformName: WINDOWS, proxy: Proxy(), se:cdp: ws://localhost:56544/devtoo..., se:cdpVersion: 104.0.5112.81, setWindowRect: true, strictFileInteractability: false, timeouts: {implicit: 0, pageLoad: 300000, script: 30000}, unhandledPromptBehavior: dismiss and notify, webauthn:extension:credBlob: true, webauthn:extension:largeBlob: true, webauthn:virtualAuthenticators: true}&#10;Session ID: 717c04d70c1be2376092bdd1365f3a44" type="org.openqa.selenium.NoSuchElementException">
            <![CDATA[Given Kullanıci medunna anasayfasina gider..................................passed
And kullanici registration sayfasina gider(navigate)........................passed
Given kullanici hrhangi bir karakter iceren ancak BASTA bosluk birakarak bir last name girer "heser1!".passed
Given kullanici hrhangi bir karakter iceren ancak ORTADA bosluk birakarak bir last name girer "heser1 !".passed
Then kullanci your last name is required mesajini görmeli...................failed

StackTrace:
org.openqa.selenium.NoSuchElementException: no such element: Unable to locate element: {"method":"xpath","selector":"//div[text()='Your LastName is required.']"}
  (Session info: chrome=104.0.5112.81)
For documentation on this error, please visit: https://selenium.dev/exceptions/#no_such_element
Build info: version: '4.1.3', revision: '7b1ebf28ef'
System info: host: 'ZULAL-PC', ip: '192.168.1.23', os.name: 'Windows 10', os.arch: 'amd64', os.version: '10.0', java.version: '11.0.15'
Driver info: org.openqa.selenium.chrome.ChromeDriver
Command: [717c04d70c1be2376092bdd1365f3a44, findElement {using=xpath, value=//div[text()='Your LastName is required.']}]
Capabilities {acceptInsecureCerts: false, browserName: chrome, browserVersion: 104.0.5112.81, chrome: {chromedriverVersion: 104.0.5112.79 (3cf3e8c8a07d..., userDataDir: C:\Users\ZULAL\AppData\Loca...}, goog:chromeOptions: {debuggerAddress: localhost:56544}, javascriptEnabled: true, networkConnectionEnabled: false, pageLoadStrategy: normal, platform: WINDOWS, platformName: WINDOWS, proxy: Proxy(), se:cdp: ws://localhost:56544/devtoo..., se:cdpVersion: 104.0.5112.81, setWindowRect: true, strictFileInteractability: false, timeouts: {implicit: 0, pageLoad: 300000, script: 30000}, unhandledPromptBehavior: dismiss and notify, webauthn:extension:credBlob: true, webauthn:extension:largeBlob: true, webauthn:virtualAuthenticators: true}
Session ID: 717c04d70c1be2376092bdd1365f3a44
	at jdk.internal.reflect.GeneratedConstructorAccessor17.newInstance(Unknown Source)
	at java.base/jdk.internal.reflect.DelegatingConstructorAccessorImpl.newInstance(DelegatingConstructorAccessorImpl.java:45)
	at java.base/java.lang.reflect.Constructor.newInstance(Constructor.java:490)
	at org.openqa.selenium.remote.codec.w3c.W3CHttpResponseCodec.createException(W3CHttpResponseCodec.java:200)
	at org.openqa.selenium.remote.codec.w3c.W3CHttpResponseCodec.decode(W3CHttpResponseCodec.java:133)
	at org.openqa.selenium.remote.codec.w3c.W3CHttpResponseCodec.decode(W3CHttpResponseCodec.java:53)
	at org.openqa.selenium.remote.HttpCommandExecutor.execute(HttpCommandExecutor.java:184)
	at org.openqa.selenium.remote.service.DriverCommandExecutor.invokeExecute(DriverCommandExecutor.java:167)
	at org.openqa.selenium.remote.service.DriverCommandExecutor.execute(DriverCommandExecutor.java:142)
	at org.openqa.selenium.remote.RemoteWebDriver.execute(RemoteWebDriver.java:567)
	at org.openqa.selenium.remote.ElementLocation$ElementFinder$2.findElement(ElementLocation.java:162)
	at org.openqa.selenium.remote.ElementLocation.findElement(ElementLocation.java:60)
	at org.openqa.selenium.remote.RemoteWebDriver.findElement(RemoteWebDriver.java:385)
	at org.openqa.selenium.remote.RemoteWebDriver.findElement(RemoteWebDriver.java:377)
	at org.openqa.selenium.support.pagefactory.DefaultElementLocator.findElement(DefaultElementLocator.java:70)
	at org.openqa.selenium.support.pagefactory.internal.LocatingElementHandler.invoke(LocatingElementHandler.java:39)
	at com.sun.proxy.$Proxy22.isDisplayed(Unknown Source)
	at stepDefinitions.uiStepDefinitions.US_001_UI_StepDefinitions.kullanciYourLastNameIsRequiredMesajiniGörmeli(US_001_UI_StepDefinitions.java:188)
	at ✽.kullanci your last name is required mesajini görmeli(file:///C:/Users/ZULAL/IdeaProjects/team68Medunna/src/test/resources/features/uiFeatures/US_001_UI.feature:70)
]]>
        </failure>
    </testcase>
    <testcase classname="US_001 registerpage" name="US001_TC009,US001_TC010,US001_TC011_4" time="16.113">
        <failure message="no such element: Unable to locate element: {&quot;method&quot;:&quot;xpath&quot;,&quot;selector&quot;:&quot;//div[text()='Your LastName is required.']&quot;}&#10;  (Session info: chrome=104.0.5112.81)&#10;For documentation on this error, please visit: https://selenium.dev/exceptions/#no_such_element&#10;Build info: version: '4.1.3', revision: '7b1ebf28ef'&#10;System info: host: 'ZULAL-PC', ip: '192.168.1.23', os.name: 'Windows 10', os.arch: 'amd64', os.version: '10.0', java.version: '11.0.15'&#10;Driver info: org.openqa.selenium.chrome.ChromeDriver&#10;Command: [717c04d70c1be2376092bdd1365f3a44, findElement {using=xpath, value=//div[text()='Your LastName is required.']}]&#10;Capabilities {acceptInsecureCerts: false, browserName: chrome, browserVersion: 104.0.5112.81, chrome: {chromedriverVersion: 104.0.5112.79 (3cf3e8c8a07d..., userDataDir: C:\Users\ZULAL\AppData\Loca...}, goog:chromeOptions: {debuggerAddress: localhost:56544}, javascriptEnabled: true, networkConnectionEnabled: false, pageLoadStrategy: normal, platform: WINDOWS, platformName: WINDOWS, proxy: Proxy(), se:cdp: ws://localhost:56544/devtoo..., se:cdpVersion: 104.0.5112.81, setWindowRect: true, strictFileInteractability: false, timeouts: {implicit: 0, pageLoad: 300000, script: 30000}, unhandledPromptBehavior: dismiss and notify, webauthn:extension:credBlob: true, webauthn:extension:largeBlob: true, webauthn:virtualAuthenticators: true}&#10;Session ID: 717c04d70c1be2376092bdd1365f3a44" type="org.openqa.selenium.NoSuchElementException">
            <![CDATA[Given Kullanıci medunna anasayfasina gider..................................passed
And kullanici registration sayfasina gider(navigate)........................passed
Given kullanici hrhangi bir karakter iceren ancak BASTA bosluk birakarak bir last name girer "jkl981".passed
Given kullanici hrhangi bir karakter iceren ancak ORTADA bosluk birakarak bir last name girer "jkl 981".passed
Then kullanci your last name is required mesajini görmeli...................failed

StackTrace:
org.openqa.selenium.NoSuchElementException: no such element: Unable to locate element: {"method":"xpath","selector":"//div[text()='Your LastName is required.']"}
  (Session info: chrome=104.0.5112.81)
For documentation on this error, please visit: https://selenium.dev/exceptions/#no_such_element
Build info: version: '4.1.3', revision: '7b1ebf28ef'
System info: host: 'ZULAL-PC', ip: '192.168.1.23', os.name: 'Windows 10', os.arch: 'amd64', os.version: '10.0', java.version: '11.0.15'
Driver info: org.openqa.selenium.chrome.ChromeDriver
Command: [717c04d70c1be2376092bdd1365f3a44, findElement {using=xpath, value=//div[text()='Your LastName is required.']}]
Capabilities {acceptInsecureCerts: false, browserName: chrome, browserVersion: 104.0.5112.81, chrome: {chromedriverVersion: 104.0.5112.79 (3cf3e8c8a07d..., userDataDir: C:\Users\ZULAL\AppData\Loca...}, goog:chromeOptions: {debuggerAddress: localhost:56544}, javascriptEnabled: true, networkConnectionEnabled: false, pageLoadStrategy: normal, platform: WINDOWS, platformName: WINDOWS, proxy: Proxy(), se:cdp: ws://localhost:56544/devtoo..., se:cdpVersion: 104.0.5112.81, setWindowRect: true, strictFileInteractability: false, timeouts: {implicit: 0, pageLoad: 300000, script: 30000}, unhandledPromptBehavior: dismiss and notify, webauthn:extension:credBlob: true, webauthn:extension:largeBlob: true, webauthn:virtualAuthenticators: true}
Session ID: 717c04d70c1be2376092bdd1365f3a44
	at jdk.internal.reflect.GeneratedConstructorAccessor17.newInstance(Unknown Source)
	at java.base/jdk.internal.reflect.DelegatingConstructorAccessorImpl.newInstance(DelegatingConstructorAccessorImpl.java:45)
	at java.base/java.lang.reflect.Constructor.newInstance(Constructor.java:490)
	at org.openqa.selenium.remote.codec.w3c.W3CHttpResponseCodec.createException(W3CHttpResponseCodec.java:200)
	at org.openqa.selenium.remote.codec.w3c.W3CHttpResponseCodec.decode(W3CHttpResponseCodec.java:133)
	at org.openqa.selenium.remote.codec.w3c.W3CHttpResponseCodec.decode(W3CHttpResponseCodec.java:53)
	at org.openqa.selenium.remote.HttpCommandExecutor.execute(HttpCommandExecutor.java:184)
	at org.openqa.selenium.remote.service.DriverCommandExecutor.invokeExecute(DriverCommandExecutor.java:167)
	at org.openqa.selenium.remote.service.DriverCommandExecutor.execute(DriverCommandExecutor.java:142)
	at org.openqa.selenium.remote.RemoteWebDriver.execute(RemoteWebDriver.java:567)
	at org.openqa.selenium.remote.ElementLocation$ElementFinder$2.findElement(ElementLocation.java:162)
	at org.openqa.selenium.remote.ElementLocation.findElement(ElementLocation.java:60)
	at org.openqa.selenium.remote.RemoteWebDriver.findElement(RemoteWebDriver.java:385)
	at org.openqa.selenium.remote.RemoteWebDriver.findElement(RemoteWebDriver.java:377)
	at org.openqa.selenium.support.pagefactory.DefaultElementLocator.findElement(DefaultElementLocator.java:70)
	at org.openqa.selenium.support.pagefactory.internal.LocatingElementHandler.invoke(LocatingElementHandler.java:39)
	at com.sun.proxy.$Proxy22.isDisplayed(Unknown Source)
	at stepDefinitions.uiStepDefinitions.US_001_UI_StepDefinitions.kullanciYourLastNameIsRequiredMesajiniGörmeli(US_001_UI_StepDefinitions.java:188)
	at ✽.kullanci your last name is required mesajini görmeli(file:///C:/Users/ZULAL/IdeaProjects/team68Medunna/src/test/resources/features/uiFeatures/US_001_UI.feature:70)
]]>
        </failure>
    </testcase>
    <testcase classname="US_001 registerpage" name="US001_TC012" time="15.976">
        <system-out>
            <![CDATA[Given Kullanıci medunna anasayfasina gider..................................passed
And kullanici registration sayfasina gider(navigate)........................passed
Given kullanici herhangi bir karakter iceren ve bos birakilmayan gecerli bir last name girmelidir"heuser".passed
Then Kullanici your last name is required mesaji görmemeli..................passed
]]>
        </system-out>
    </testcase>
    <testcase classname="US_001 registerpage" name="US001_TC012_2" time="15.927">
        <system-out>
            <![CDATA[Given Kullanıci medunna anasayfasina gider..................................passed
And kullanici registration sayfasina gider(navigate)........................passed
Given kullanici herhangi bir karakter iceren ve bos birakilmayan gecerli bir last name girmelidir"Heus34er".passed
Then Kullanici your last name is required mesaji görmemeli..................passed
]]>
        </system-out>
    </testcase>
    <testcase classname="US_001 registerpage" name="US001_TC012_3" time="15.937">
        <system-out>
            <![CDATA[Given Kullanıci medunna anasayfasina gider..................................passed
And kullanici registration sayfasina gider(navigate)........................passed
Given kullanici herhangi bir karakter iceren ve bos birakilmayan gecerli bir last name girmelidir"heser1!".passed
Then Kullanici your last name is required mesaji görmemeli..................passed
]]>
        </system-out>
    </testcase>
    <testcase classname="US_001 registerpage" name="US001_TC012_4" time="15.971">
        <system-out>
            <![CDATA[Given Kullanıci medunna anasayfasina gider..................................passed
And kullanici registration sayfasina gider(navigate)........................passed
Given kullanici herhangi bir karakter iceren ve bos birakilmayan gecerli bir last name girmelidir"jkl981".passed
Then Kullanici your last name is required mesaji görmemeli..................passed
]]>
        </system-out>
=======
<<<<<<< HEAD
<testsuite errors="0" failures="0" name="io.cucumber.core.plugin.JUnitFormatter" skipped="0" tests="1" time="14.212">
    <testcase classname="US_005 Hastalar (patients), hastahaneden randevu (Appointment) oluşturabilmelidir." name="TC_009 Kullanıcı negatif durumlari test eder." time="13.48">
        <system-out>
            <![CDATA[Given medunna.com sayfasina gidilir.........................................passed
And 'Make an appointment' butonuna tiklanir.................................passed
Then First name kutusuna tiklanir, bos birakilirsa Your Firstname is required. yazisinin ciktigi dogrulanir.passed
And Last name kutusuna tiklanir, bos birakilirsa Your Lastname is required. yazisinin ciktigi dogrulanir.passed
And SSN kutusuna tiklanir, bos birakilirsa Your SSN is required. yazisinin ciktigi dogrulanir.passed
And Email kutusuna tiklanir, bos birakilirsa Your email is required. yazisinin ciktigi dogrulanir.passed
And Phone kutusuna tiklanir, bos birakilirsa Phone number is required. yazisinin ciktigi dogrulanir.passed
And (su)Sayfa kapatilir.....................................................passed
]]>
        </system-out>
=======
<testsuite errors="0" failures="64" name="io.cucumber.core.plugin.JUnitFormatter" skipped="0" tests="64" time="3.781">
    <testcase classname="US_004 Giris sayfasi yalnızca gecerli kimlik bilgileriyle erisilebilir olmalidir." name="TC_001 Giris yapmak icin basari mesajini dogrulayan, gecerli bir kullanici adi ve sifre olmalidir." time="0.148">
        <failure message="The scenario has pending or undefined step(s)" type="java.lang.Exception">
            <![CDATA[Given Kullanici ana sayfaya gider...........................................undefined
Then Kullanici login butonuna tiklar........................................skipped
And Kullanici Sing in secenegini secer......................................skipped
And Kullanici username kutusuna gecerli bir username bilgilerini girer......skipped
And Kullanici password kutusuna gecerli password bilgilerini girer..........skipped
And Kullanici Sign in butonuna tiklar.......................................skipped
And Kullanici kayit ismini gorur............................................skipped
And Kullanici sayfayi kapatir...............................................skipped
]]>
        </failure>
    </testcase>
    <testcase classname="US_004 Giris sayfasi yalnızca gecerli kimlik bilgileriyle erisilebilir olmalidir." name="TC_002 Kullanicinin mevcut kimlik bilgilerini her zaman kullanabilecegi bir beni hatirla secenegi olmalidir" time="0.026">
        <failure message="The scenario has pending or undefined step(s)" type="java.lang.Exception">
            <![CDATA[Given Kullanici ana sayfaya gider...........................................undefined
Then Kullanici login butonuna tiklar........................................skipped
And Kullanici Sing in secenegini secer......................................skipped
And Kullanici username kutusuna gecerli bir username bilgilerini girer......skipped
And Kullanici password kutusuna gecerli password bilgilerini girer..........skipped
And Kullanici Beni Hatirla secenegini secebilmeli...........................skipped
And Kullanici Sign in butonuna tiklar.......................................skipped
And Kullanici sayfayi kapatir...............................................skipped
]]>
        </failure>
    </testcase>
    <testcase classname="US_004 Giris sayfasi yalnızca gecerli kimlik bilgileriyle erisilebilir olmalidir." name="TC_003 Eger sifre unutulursa diye Did you forget your password? secenegi olmali" time="0.009">
        <failure message="The scenario has pending or undefined step(s)" type="java.lang.Exception">
            <![CDATA[Given Kullanici ana sayfaya gider...........................................undefined
Then Kullanici login butonuna tiklar........................................skipped
And Kullanici Sing in secenegini secer......................................skipped
And Kullanici Did you forget your password? secenegine tiklar...............skipped
And Kullanici sifre sifirlama sayfasini gorur...............................skipped
And Kullanici sayfayi kapatir...............................................skipped
]]>
        </failure>
    </testcase>
    <testcase classname="US_004 Giris sayfasi yalnızca gecerli kimlik bilgileriyle erisilebilir olmalidir." name="TC_004 You don't have an account yet? Register a new account secenegi olmali" time="0.009">
        <failure message="The scenario has pending or undefined step(s)" type="java.lang.Exception">
            <![CDATA[Given Kullanici ana sayfaya gider...........................................undefined
Then Kullanici login butonuna tiklar........................................skipped
And Kullanici Sing in secenegini secer......................................skipped
And Kullanici You don't have an account yet? Register a new account secenegine tiklar.skipped
And Kullanici Registration sayfasini gorur..................................skipped
And Kullanici sayfayi kapatir...............................................skipped
]]>
        </failure>
    </testcase>
    <testcase classname="US_004 Giris sayfasi yalnızca gecerli kimlik bilgileriyle erisilebilir olmalidir." name="TC_005 Cancel secenegi olmali" time="0.006">
        <failure message="The scenario has pending or undefined step(s)" type="java.lang.Exception">
            <![CDATA[Given Kullanici ana sayfaya gider...........................................undefined
Then Kullanici login butonuna tiklar........................................skipped
And Kullanici Sing in secenegini secer......................................skipped
And Kullanici Cancel secenegini gorur.......................................skipped
And Kullanici sayfayi kapatir...............................................skipped
]]>
        </failure>
    </testcase>
    <testcase classname="US_001 registerpage" name="US001_TC001" time="0.109">
        <failure message="The scenario has pending or undefined step(s)" type="java.lang.Exception">
            <![CDATA[Given Kullanıci medunna anasayfasina gider..................................undefined
And kullanici registration sayfasina gider(navigate)........................skipped
Given kullanici ssn kutusunu tiklar ve  kullanci gecerli snn numaralarini girer "123-34-4567".skipped
Then Kullanici uyari mesaji görmemeli ""....................................skipped
]]>
        </failure>
    </testcase>
    <testcase classname="US_001 registerpage" name="US001_TC001_2" time="0.001">
        <failure message="The scenario has pending or undefined step(s)" type="java.lang.Exception">
            <![CDATA[Given Kullanıci medunna anasayfasina gider..................................undefined
And kullanici registration sayfasina gider(navigate)........................skipped
Given kullanici ssn kutusunu tiklar ve  kullanci gecerli snn numaralarini girer "906-12-5436".skipped
Then Kullanici uyari mesaji görmemeli ""....................................skipped
]]>
        </failure>
    </testcase>
    <testcase classname="US_001 registerpage" name="US001_TC001_3" time="0.015">
        <failure message="The scenario has pending or undefined step(s)" type="java.lang.Exception">
            <![CDATA[Given Kullanıci medunna anasayfasina gider..................................undefined
And kullanici registration sayfasina gider(navigate)........................skipped
Given kullanici ssn kutusunu tiklar ve  kullanci gecerli snn numaralarini girer "867-11-2348".skipped
Then Kullanici uyari mesaji görmemeli ""....................................skipped
]]>
        </failure>
    </testcase>
    <testcase classname="US_001 registerpage" name="US001_TC001_4" time="0.007">
        <failure message="The scenario has pending or undefined step(s)" type="java.lang.Exception">
            <![CDATA[Given Kullanıci medunna anasayfasina gider..................................undefined
And kullanici registration sayfasina gider(navigate)........................skipped
Given kullanici ssn kutusunu tiklar ve  kullanci gecerli snn numaralarini girer "123-34-4567".skipped
Then Kullanici uyari mesaji görmemeli ""....................................skipped
]]>
        </failure>
    </testcase>
    <testcase classname="US_001 registerpage" name="US001_TC001_5" time="0.001">
        <failure message="The scenario has pending or undefined step(s)" type="java.lang.Exception">
            <![CDATA[Given Kullanıci medunna anasayfasina gider..................................undefined
And kullanici registration sayfasina gider(navigate)........................skipped
Given kullanici ssn kutusunu tiklar ve  kullanci gecerli snn numaralarini girer "806-12-5436".skipped
Then Kullanici uyari mesaji görmemeli ""....................................skipped
]]>
        </failure>
    </testcase>
    <testcase classname="US_001 registerpage" name="US001_TC001_6" time="0.002">
        <failure message="The scenario has pending or undefined step(s)" type="java.lang.Exception">
            <![CDATA[Given Kullanıci medunna anasayfasina gider..................................undefined
And kullanici registration sayfasina gider(navigate)........................skipped
Given kullanici ssn kutusunu tiklar ve  kullanci gecerli snn numaralarini girer "867-11-2348".skipped
Then Kullanici uyari mesaji görmemeli ""....................................skipped
]]>
        </failure>
    </testcase>
    <testcase classname="US_001 registerpage" name="US001_TC002,US001_TC003" time="0.002">
        <failure message="The scenario has pending or undefined step(s)" type="java.lang.Exception">
            <![CDATA[Given Kullanıci medunna anasayfasina gider..................................undefined
And kullanici registration sayfasina gider(navigate)........................skipped
Given kullanici ssn kutusunu tiklar ve  ucuncu ve besinci haneden sonra herahngi bir isaret KOYMADAN DOKUZ haneli snn numaralarini girer "123344567".skipped
Given kullanici ssn kutusunu tiklar ve  ucuncu ve besinci haneden sonra gerekli isareti koyduktundan sonra sekiz ve on haneli ssn girer "123344567".skipped
Then Kullanici Your SSN is invalid mesajini görmeli.........................skipped
]]>
        </failure>
    </testcase>
    <testcase classname="US_001 registerpage" name="US001_TC002,US001_TC003_2" time="0.005">
        <failure message="The scenario has pending or undefined step(s)" type="java.lang.Exception">
            <![CDATA[Given Kullanıci medunna anasayfasina gider..................................undefined
And kullanici registration sayfasina gider(navigate)........................skipped
Given kullanici ssn kutusunu tiklar ve  ucuncu ve besinci haneden sonra herahngi bir isaret KOYMADAN DOKUZ haneli snn numaralarini girer "906125436".skipped
Given kullanici ssn kutusunu tiklar ve  ucuncu ve besinci haneden sonra gerekli isareti koyduktundan sonra sekiz ve on haneli ssn girer "906125436".skipped
Then Kullanici Your SSN is invalid mesajini görmeli.........................skipped
]]>
        </failure>
    </testcase>
    <testcase classname="US_001 registerpage" name="US001_TC002,US001_TC003_3" time="0.006">
        <failure message="The scenario has pending or undefined step(s)" type="java.lang.Exception">
            <![CDATA[Given Kullanıci medunna anasayfasina gider..................................undefined
And kullanici registration sayfasina gider(navigate)........................skipped
Given kullanici ssn kutusunu tiklar ve  ucuncu ve besinci haneden sonra herahngi bir isaret KOYMADAN DOKUZ haneli snn numaralarini girer "867112348".skipped
Given kullanici ssn kutusunu tiklar ve  ucuncu ve besinci haneden sonra gerekli isareti koyduktundan sonra sekiz ve on haneli ssn girer "867112348".skipped
Then Kullanici Your SSN is invalid mesajini görmeli.........................skipped
]]>
        </failure>
    </testcase>
    <testcase classname="US_001 registerpage" name="US001_TC002,US001_TC003_4" time="0.023">
        <failure message="The scenario has pending or undefined step(s)" type="java.lang.Exception">
            <![CDATA[Given Kullanıci medunna anasayfasina gider..................................undefined
And kullanici registration sayfasina gider(navigate)........................skipped
Given kullanici ssn kutusunu tiklar ve  ucuncu ve besinci haneden sonra herahngi bir isaret KOYMADAN DOKUZ haneli snn numaralarini girer "123344567".skipped
Given kullanici ssn kutusunu tiklar ve  ucuncu ve besinci haneden sonra gerekli isareti koyduktundan sonra sekiz ve on haneli ssn girer "123344567".skipped
Then Kullanici Your SSN is invalid mesajini görmeli.........................skipped
]]>
        </failure>
    </testcase>
    <testcase classname="US_001 registerpage" name="US001_TC002,US001_TC003_5" time="0.003">
        <failure message="The scenario has pending or undefined step(s)" type="java.lang.Exception">
            <![CDATA[Given Kullanıci medunna anasayfasina gider..................................undefined
And kullanici registration sayfasina gider(navigate)........................skipped
Given kullanici ssn kutusunu tiklar ve  ucuncu ve besinci haneden sonra herahngi bir isaret KOYMADAN DOKUZ haneli snn numaralarini girer "906125436".skipped
Given kullanici ssn kutusunu tiklar ve  ucuncu ve besinci haneden sonra gerekli isareti koyduktundan sonra sekiz ve on haneli ssn girer "906125436".skipped
Then Kullanici Your SSN is invalid mesajini görmeli.........................skipped
]]>
        </failure>
    </testcase>
    <testcase classname="US_001 registerpage" name="US001_TC002,US001_TC003_6" time="0.009">
        <failure message="The scenario has pending or undefined step(s)" type="java.lang.Exception">
            <![CDATA[Given Kullanıci medunna anasayfasina gider..................................undefined
And kullanici registration sayfasina gider(navigate)........................skipped
Given kullanici ssn kutusunu tiklar ve  ucuncu ve besinci haneden sonra herahngi bir isaret KOYMADAN DOKUZ haneli snn numaralarini girer "867112348".skipped
Given kullanici ssn kutusunu tiklar ve  ucuncu ve besinci haneden sonra gerekli isareti koyduktundan sonra sekiz ve on haneli ssn girer "867112348".skipped
Then Kullanici Your SSN is invalid mesajini görmeli.........................skipped
]]>
        </failure>
    </testcase>
    <testcase classname="US_001 registerpage" name="US001_TC004" time="0.006">
        <failure message="The scenario has pending or undefined step(s)" type="java.lang.Exception">
            <![CDATA[Given Kullanıci medunna anasayfasina gider..................................undefined
And kullanici registration sayfasina gider(navigate)........................skipped
When kullanci ssn kutusunu bos birakmali....................................skipped
Then kullanci your ssn is invalid mesaji almali.............................skipped
]]>
        </failure>
    </testcase>
    <testcase classname="US_001 registerpage" name="US001_TC005" time="0.001">
        <failure message="The scenario has pending or undefined step(s)" type="java.lang.Exception">
            <![CDATA[Given Kullanıci medunna anasayfasina gider..................................undefined
And kullanici registration sayfasina gider(navigate)........................skipped
Given kullanici herhangi bir karakter iceren ve bos birakilmayan gecerli bir first name girmelidir"bayram".skipped
Then Kullanici uyari mesaji görmemeli.......................................skipped
]]>
        </failure>
    </testcase>
    <testcase classname="US_001 registerpage" name="US001_TC005_2" time="0.002">
        <failure message="The scenario has pending or undefined step(s)" type="java.lang.Exception">
            <![CDATA[Given Kullanıci medunna anasayfasina gider..................................undefined
And kullanici registration sayfasina gider(navigate)........................skipped
Given kullanici herhangi bir karakter iceren ve bos birakilmayan gecerli bir first name girmelidir"ahmet".skipped
Then Kullanici uyari mesaji görmemeli.......................................skipped
]]>
        </failure>
    </testcase>
    <testcase classname="US_001 registerpage" name="US001_TC005_3" time="0.004">
        <failure message="The scenario has pending or undefined step(s)" type="java.lang.Exception">
            <![CDATA[Given Kullanıci medunna anasayfasina gider..................................undefined
And kullanici registration sayfasina gider(navigate)........................skipped
Given kullanici herhangi bir karakter iceren ve bos birakilmayan gecerli bir first name girmelidir"charlotte".skipped
Then Kullanici uyari mesaji görmemeli.......................................skipped
]]>
        </failure>
    </testcase>
    <testcase classname="US_001 registerpage" name="US001_TC005_4" time="0.015">
        <failure message="The scenario has pending or undefined step(s)" type="java.lang.Exception">
            <![CDATA[Given Kullanıci medunna anasayfasina gider..................................undefined
And kullanici registration sayfasina gider(navigate)........................skipped
Given kullanici herhangi bir karakter iceren ve bos birakilmayan gecerli bir first name girmelidir"damaris".skipped
Then Kullanici uyari mesaji görmemeli.......................................skipped
]]>
        </failure>
    </testcase>
    <testcase classname="US_001 registerpage" name="US001_TC006,US001_TC007" time="0">
        <failure message="The scenario has pending or undefined step(s)" type="java.lang.Exception">
            <![CDATA[Given Kullanıci medunna anasayfasina gider..................................undefined
And kullanici registration sayfasina gider(navigate)........................skipped
Given kullanici herhangi bir karakter iceren ve basta bos birakilan bir first name girmelidir "bayram".skipped
Given kullanci herhangi bir karakter iceren ve ilkharf yazildiktan ve son harf yazilmadan önce herhangi bir yerde bosluk birakarak first name girmelidir"ak if".skipped
Then Kullanici your firstname is required uyari mesajini görmeli............skipped
]]>
        </failure>
    </testcase>
    <testcase classname="US_001 registerpage" name="US001_TC006,US001_TC007_2" time="0.002">
        <failure message="The scenario has pending or undefined step(s)" type="java.lang.Exception">
            <![CDATA[Given Kullanıci medunna anasayfasina gider..................................undefined
And kullanici registration sayfasina gider(navigate)........................skipped
Given kullanici herhangi bir karakter iceren ve basta bos birakilan bir first name girmelidir "ahmet".skipped
Given kullanci herhangi bir karakter iceren ve ilkharf yazildiktan ve son harf yazilmadan önce herhangi bir yerde bosluk birakarak first name girmelidir"meh met".skipped
Then Kullanici your firstname is required uyari mesajini görmeli............skipped
]]>
        </failure>
    </testcase>
    <testcase classname="US_001 registerpage" name="US001_TC006,US001_TC007_3" time="0.006">
        <failure message="The scenario has pending or undefined step(s)" type="java.lang.Exception">
            <![CDATA[Given Kullanıci medunna anasayfasina gider..................................undefined
And kullanici registration sayfasina gider(navigate)........................skipped
Given kullanici herhangi bir karakter iceren ve basta bos birakilan bir first name girmelidir "charlotte".skipped
Given kullanci herhangi bir karakter iceren ve ilkharf yazildiktan ve son harf yazilmadan önce herhangi bir yerde bosluk birakarak first name girmelidir"ti na".skipped
Then Kullanici your firstname is required uyari mesajini görmeli............skipped
]]>
        </failure>
    </testcase>
    <testcase classname="US_001 registerpage" name="US001_TC006,US001_TC007_4" time="0.001">
        <failure message="The scenario has pending or undefined step(s)" type="java.lang.Exception">
            <![CDATA[Given Kullanıci medunna anasayfasina gider..................................undefined
And kullanici registration sayfasina gider(navigate)........................skipped
Given kullanici herhangi bir karakter iceren ve basta bos birakilan bir first name girmelidir "damaris".skipped
Given kullanci herhangi bir karakter iceren ve ilkharf yazildiktan ve son harf yazilmadan önce herhangi bir yerde bosluk birakarak first name girmelidir"charlott e".skipped
Then Kullanici your firstname is required uyari mesajini görmeli............skipped
]]>
        </failure>
    </testcase>
    <testcase classname="US_001 registerpage" name="US001_TC008" time="0.001">
        <failure message="The scenario has pending or undefined step(s)" type="java.lang.Exception">
            <![CDATA[Given Kullanıci medunna anasayfasina gider..................................undefined
And kullanici registration sayfasina gider(navigate)........................skipped
When kullanici first name kutusunu bos birakmali............................skipped
Then kullanci first name is required mesajini almali........................skipped
]]>
        </failure>
    </testcase>
    <testcase classname="US_001 registerpage" name="US001_TC009,US001_TC010,US001_TC011" time="0.001">
        <failure message="The scenario has pending or undefined step(s)" type="java.lang.Exception">
            <![CDATA[Given Kullanıci medunna anasayfasina gider..................................undefined
And kullanici registration sayfasina gider(navigate)........................skipped
Given kullanici hrhangi bir karakter iceren ancak BASTA bosluk birakarak bir last name girer "heuser".skipped
Given kullanici hrhangi bir karakter iceren ancak ORTADA bosluk birakarak bir last name girer "heu ser".skipped
Then kullanci your last name is required mesajini görmeli...................skipped
]]>
        </failure>
    </testcase>
    <testcase classname="US_001 registerpage" name="US001_TC009,US001_TC010,US001_TC011_2" time="0.015">
        <failure message="The scenario has pending or undefined step(s)" type="java.lang.Exception">
            <![CDATA[Given Kullanıci medunna anasayfasina gider..................................undefined
And kullanici registration sayfasina gider(navigate)........................skipped
Given kullanici hrhangi bir karakter iceren ancak BASTA bosluk birakarak bir last name girer "Heus34er".skipped
Given kullanici hrhangi bir karakter iceren ancak ORTADA bosluk birakarak bir last name girer "H eus34er".skipped
Then kullanci your last name is required mesajini görmeli...................skipped
]]>
        </failure>
    </testcase>
    <testcase classname="US_001 registerpage" name="US001_TC009,US001_TC010,US001_TC011_3" time="0.019">
        <failure message="The scenario has pending or undefined step(s)" type="java.lang.Exception">
            <![CDATA[Given Kullanıci medunna anasayfasina gider..................................undefined
And kullanici registration sayfasina gider(navigate)........................skipped
Given kullanici hrhangi bir karakter iceren ancak BASTA bosluk birakarak bir last name girer "heser1!".skipped
Given kullanici hrhangi bir karakter iceren ancak ORTADA bosluk birakarak bir last name girer "heser1 !".skipped
Then kullanci your last name is required mesajini görmeli...................skipped
]]>
        </failure>
    </testcase>
    <testcase classname="US_001 registerpage" name="US001_TC009,US001_TC010,US001_TC011_4" time="0.019">
        <failure message="The scenario has pending or undefined step(s)" type="java.lang.Exception">
            <![CDATA[Given Kullanıci medunna anasayfasina gider..................................undefined
And kullanici registration sayfasina gider(navigate)........................skipped
Given kullanici hrhangi bir karakter iceren ancak BASTA bosluk birakarak bir last name girer "jkl981".skipped
Given kullanici hrhangi bir karakter iceren ancak ORTADA bosluk birakarak bir last name girer "jkl 981".skipped
Then kullanci your last name is required mesajini görmeli...................skipped
]]>
        </failure>
    </testcase>
    <testcase classname="US_001 registerpage" name="US001_TC012" time="0.001">
        <failure message="The scenario has pending or undefined step(s)" type="java.lang.Exception">
            <![CDATA[Given Kullanıci medunna anasayfasina gider..................................undefined
And kullanici registration sayfasina gider(navigate)........................skipped
Given kullanici herhangi bir karakter iceren ve bos birakilmayan gecerli bir last name girmelidir"heuser".skipped
Then Kullanici your last name is required mesaji görmemeli..................skipped
]]>
        </failure>
    </testcase>
    <testcase classname="US_001 registerpage" name="US001_TC012_2" time="0">
        <failure message="The scenario has pending or undefined step(s)" type="java.lang.Exception">
            <![CDATA[Given Kullanıci medunna anasayfasina gider..................................undefined
And kullanici registration sayfasina gider(navigate)........................skipped
Given kullanici herhangi bir karakter iceren ve bos birakilmayan gecerli bir last name girmelidir"Heus34er".skipped
Then Kullanici your last name is required mesaji görmemeli..................skipped
]]>
        </failure>
    </testcase>
    <testcase classname="US_001 registerpage" name="US001_TC012_3" time="0.001">
        <failure message="The scenario has pending or undefined step(s)" type="java.lang.Exception">
            <![CDATA[Given Kullanıci medunna anasayfasina gider..................................undefined
And kullanici registration sayfasina gider(navigate)........................skipped
Given kullanici herhangi bir karakter iceren ve bos birakilmayan gecerli bir last name girmelidir"heser1!".skipped
Then Kullanici your last name is required mesaji görmemeli..................skipped
]]>
        </failure>
    </testcase>
    <testcase classname="US_001 registerpage" name="US001_TC012_4" time="0.003">
        <failure message="The scenario has pending or undefined step(s)" type="java.lang.Exception">
            <![CDATA[Given Kullanıci medunna anasayfasina gider..................................undefined
And kullanici registration sayfasina gider(navigate)........................skipped
Given kullanici herhangi bir karakter iceren ve bos birakilmayan gecerli bir last name girmelidir"jkl981".skipped
Then Kullanici your last name is required mesaji görmemeli..................skipped
]]>
        </failure>
    </testcase>
    <testcase classname="US_002 registerpage" name="US002_TC001" time="0.011">
        <failure message="The scenario has pending or undefined step(s)" type="java.lang.Exception">
            <![CDATA[Given Kullanıci medunna anasayfasina gider..................................undefined
And kullanici registration sayfasina gider(navigate)........................skipped
When kullanci User Username kutusuna tiklamali ve herhangi bir karakter iceren (username) adi girer"ab.".skipped
Then Kullanici Your username is required mesajini görmemeli.................skipped
]]>
        </failure>
    </testcase>
    <testcase classname="US_002 registerpage" name="US002_TC001_2" time="0.004">
        <failure message="The scenario has pending or undefined step(s)" type="java.lang.Exception">
            <![CDATA[Given Kullanıci medunna anasayfasina gider..................................undefined
And kullanici registration sayfasina gider(navigate)........................skipped
When kullanci User Username kutusuna tiklamali ve herhangi bir karakter iceren (username) adi girer"kjef".skipped
Then Kullanici Your username is required mesajini görmemeli.................skipped
]]>
        </failure>
    </testcase>
    <testcase classname="US_002 registerpage" name="US002_TC001_3" time="0.001">
        <failure message="The scenario has pending or undefined step(s)" type="java.lang.Exception">
            <![CDATA[Given Kullanıci medunna anasayfasina gider..................................undefined
And kullanici registration sayfasina gider(navigate)........................skipped
When kullanci User Username kutusuna tiklamali ve herhangi bir karakter iceren (username) adi girer"@".skipped
Then Kullanici Your username is required mesajini görmemeli.................skipped
]]>
        </failure>
    </testcase>
    <testcase classname="US_002 registerpage" name="US002_TC001_4" time="0.001">
        <failure message="The scenario has pending or undefined step(s)" type="java.lang.Exception">
            <![CDATA[Given Kullanıci medunna anasayfasina gider..................................undefined
And kullanici registration sayfasina gider(navigate)........................skipped
When kullanci User Username kutusuna tiklamali ve herhangi bir karakter iceren (username) adi girer"1267".skipped
Then Kullanici Your username is required mesajini görmemeli.................skipped
]]>
        </failure>
    </testcase>
    <testcase classname="US_002 registerpage" name="US002_TC001_5" time="0.002">
        <failure message="The scenario has pending or undefined step(s)" type="java.lang.Exception">
            <![CDATA[Given Kullanıci medunna anasayfasina gider..................................undefined
And kullanici registration sayfasina gider(navigate)........................skipped
When kullanci User Username kutusuna tiklamali ve herhangi bir karakter iceren (username) adi girer"masnb.7".skipped
Then Kullanici Your username is required mesajini görmemeli.................skipped
]]>
        </failure>
    </testcase>
    <testcase classname="US_002 registerpage" name="US002_TC002" time="0.012">
        <failure message="The scenario has pending or undefined step(s)" type="java.lang.Exception">
            <![CDATA[Given Kullanıci medunna anasayfasina gider..................................undefined
And kullanici registration sayfasina gider(navigate)........................skipped
Given kullanci gecerli bir ssn numaraasi girer "123-99-2323"................skipped
And kullanci gecerli bir first name girer "bayramx".........................skipped
And kullanci gecerli bir last name girer "hzl"..............................skipped
And kullanci username bos birakir...........................................skipped
And kullanci bir pasword girer "byRm!12"....................................skipped
And kullanci girilen passwordu dogrular "byRm!12"...........................skipped
When kullanici register tusuna basar........................................skipped
Then kullanci your username is required mesaji alir.........................skipped
]]>
        </failure>
    </testcase>
    <testcase classname="US_002 registerpage" name="US002_TC004" time="0.016">
        <failure message="The scenario has pending or undefined step(s)" type="java.lang.Exception">
            <![CDATA[Given Kullanıci medunna anasayfasina gider..................................undefined
And kullanici registration sayfasina gider(navigate)........................skipped
And Kullanici email kutusunu tiklamali ve gecerli bir email girmeli "bay@g.k".skipped
Then Kullanici Kullanici " The field is invalid" mesaji görmemeli...........skipped
]]>
        </failure>
    </testcase>
    <testcase classname="US_002 registerpage" name="US002_TC004_2" time="0.002">
        <failure message="The scenario has pending or undefined step(s)" type="java.lang.Exception">
            <![CDATA[Given Kullanıci medunna anasayfasina gider..................................undefined
And kullanici registration sayfasina gider(navigate)........................skipped
And Kullanici email kutusunu tiklamali ve gecerli bir email girmeli "bayr@com.tr".skipped
Then Kullanici Kullanici " The field is invalid" mesaji görmemeli...........skipped
]]>
        </failure>
    </testcase>
    <testcase classname="US_002 registerpage" name="US002_TC005" time="0.004">
        <failure message="The scenario has pending or undefined step(s)" type="java.lang.Exception">
            <![CDATA[Given Kullanıci medunna anasayfasina gider..................................undefined
And kullanici registration sayfasina gider(navigate)........................skipped
And Kullanici email kutusunu tiklamali ve “@“ kullanarak ANCAK “.“ kullanmadan  email girmeli "bay@msn".skipped
Then Kullanici Kullanici " The field is invalid" mesaji görmeli.............skipped
]]>
        </failure>
    </testcase>
    <testcase classname="US_002 registerpage" name="US002_TC005_2" time="0.005">
        <failure message="The scenario has pending or undefined step(s)" type="java.lang.Exception">
            <![CDATA[Given Kullanıci medunna anasayfasina gider..................................undefined
And kullanici registration sayfasina gider(navigate)........................skipped
And Kullanici email kutusunu tiklamali ve “@“ kullanarak ANCAK “.“ kullanmadan  email girmeli "bayr@com".skipped
Then Kullanici Kullanici " The field is invalid" mesaji görmeli.............skipped
]]>
        </failure>
    </testcase>
    <testcase classname="US_002 registerpage" name="S002_TC006" time="0.001">
        <failure message="The scenario has pending or undefined step(s)" type="java.lang.Exception">
            <![CDATA[Given Kullanıci medunna anasayfasina gider..................................undefined
And kullanici registration sayfasina gider(navigate)........................skipped
And Kullanici email kutusunu tiklamali ve “.“ isareti kullandiktan sonra “@“ ile devam ederk mail adresi yazmali  email girmeli "bay.hiz@msn".skipped
Then Kullanici Kullanici The field is invalid mesaji görmemeli..............skipped
]]>
        </failure>
    </testcase>
    <testcase classname="US_002 registerpage" name="S002_TC006_2" time="0.006">
        <failure message="The scenario has pending or undefined step(s)" type="java.lang.Exception">
            <![CDATA[Given Kullanıci medunna anasayfasina gider..................................undefined
And kullanici registration sayfasina gider(navigate)........................skipped
And Kullanici email kutusunu tiklamali ve “.“ isareti kullandiktan sonra “@“ ile devam ederk mail adresi yazmali  email girmeli "bayr.hak@comtnsa".skipped
Then Kullanici Kullanici The field is invalid mesaji görmemeli..............skipped
]]>
        </failure>
    </testcase>
    <testcase classname="Kullanici &quot;Password strength&quot; seviyeleri görülebilmelidir." name="Kullanici en az 7 karakterli icerisinde en az 1 kucuk harf, 1 rakam, 1 ozel karakter olan sifreleri" time="0.026">
        <failure message="The scenario has pending or undefined step(s)" type="java.lang.Exception">
            <![CDATA[Given Eb Kullanici Medunna anasayfasina gider...............................undefined
When Eb Kullanici Account Menu bolumune tiklar..............................skipped
Then Eb Kullanici registration sekmesine tiklar.............................skipped
And Kullanici New Password kisminda yeni "ebraydT" girer....................skipped
And Kullanici parolanin gucunu dogrular "2".................................skipped
And Eb Kullanici sayfayi kapatir............................................skipped
]]>
        </failure>
    </testcase>
    <testcase classname="Kullanici &quot;Password strength&quot; seviyeleri görülebilmelidir." name="Kullanici en az 7 karakterli icerisinde en az 1 kucuk harf, 1 rakam, 1 ozel karakter olan sifreleri 2" time="0.001">
        <failure message="The scenario has pending or undefined step(s)" type="java.lang.Exception">
            <![CDATA[Given Eb Kullanici Medunna anasayfasina gider...............................undefined
When Eb Kullanici Account Menu bolumune tiklar..............................skipped
Then Eb Kullanici registration sekmesine tiklar.............................skipped
And Kullanici New Password kisminda yeni "345678a" girer....................skipped
And Kullanici parolanin gucunu dogrular "2".................................skipped
And Eb Kullanici sayfayi kapatir............................................skipped
]]>
        </failure>
    </testcase>
    <testcase classname="Kullanici &quot;Password strength&quot; seviyeleri görülebilmelidir." name="Kullanici en az 7 karakterli icerisinde en az 1 kucuk harf, 1 rakam, 1 ozel karakter olan sifreleri 3" time="0.001">
        <failure message="The scenario has pending or undefined step(s)" type="java.lang.Exception">
            <![CDATA[Given Eb Kullanici Medunna anasayfasina gider...............................undefined
When Eb Kullanici Account Menu bolumune tiklar..............................skipped
Then Eb Kullanici registration sekmesine tiklar.............................skipped
And Kullanici New Password kisminda yeni "AYDHTMk" girer....................skipped
And Kullanici parolanin gucunu dogrular "2".................................skipped
And Eb Kullanici sayfayi kapatir............................................skipped
]]>
        </failure>
    </testcase>
    <testcase classname="Kullanici &quot;Password strength&quot; seviyeleri görülebilmelidir." name="Kullanici en az 7 karakterli icerisinde en az 1 kucuk harf, 1 rakam, 1 ozel karakter olan sifreleri 4" time="0.012">
        <failure message="The scenario has pending or undefined step(s)" type="java.lang.Exception">
            <![CDATA[Given Eb Kullanici Medunna anasayfasina gider...............................undefined
When Eb Kullanici Account Menu bolumune tiklar..............................skipped
Then Eb Kullanici registration sekmesine tiklar.............................skipped
And Kullanici New Password kisminda yeni "ebraydF" girer....................skipped
And Kullanici parolanin gucunu dogrular "2".................................skipped
And Eb Kullanici sayfayi kapatir............................................skipped
]]>
        </failure>
    </testcase>
    <testcase classname="Kullanici &quot;Password strength&quot; seviyeleri görülebilmelidir." name="Kullanici en az 7 karakterli icerisinde en az 1 kucuk harf, 1 rakam, 1 ozel karakter olan sifreleri 5" time="0.006">
        <failure message="The scenario has pending or undefined step(s)" type="java.lang.Exception">
            <![CDATA[Given Eb Kullanici Medunna anasayfasina gider...............................undefined
When Eb Kullanici Account Menu bolumune tiklar..............................skipped
Then Eb Kullanici registration sekmesine tiklar.............................skipped
And Kullanici New Password kisminda yeni "ebrayd1" girer....................skipped
And Kullanici parolanin gucunu dogrular "2".................................skipped
And Eb Kullanici sayfayi kapatir............................................skipped
]]>
        </failure>
    </testcase>
    <testcase classname="Kullanici &quot;Password strength&quot; seviyeleri görülebilmelidir." name="Kullanici en az 7 karakterli icerisinde en az 1 kucuk harf, 1 rakam, 1 ozel karakter olan sifreleri 6" time="0.009">
        <failure message="The scenario has pending or undefined step(s)" type="java.lang.Exception">
            <![CDATA[Given Eb Kullanici Medunna anasayfasina gider...............................undefined
When Eb Kullanici Account Menu bolumune tiklar..............................skipped
Then Eb Kullanici registration sekmesine tiklar.............................skipped
And Kullanici New Password kisminda yeni "ebrayd?" girer....................skipped
And Kullanici parolanin gucunu dogrular "2".................................skipped
And Eb Kullanici sayfayi kapatir............................................skipped
]]>
        </failure>
    </testcase>
    <testcase classname="Kullanici &quot;Password strength&quot; seviyeleri görülebilmelidir." name="Kullanici en az 7 karakterli icerisinde en az 1 kucuk harf, 1 rakam, 1 ozel karakter olan sifreleri 7" time="0.001">
        <failure message="The scenario has pending or undefined step(s)" type="java.lang.Exception">
            <![CDATA[Given Eb Kullanici Medunna anasayfasina gider...............................undefined
When Eb Kullanici Account Menu bolumune tiklar..............................skipped
Then Eb Kullanici registration sekmesine tiklar.............................skipped
And Kullanici New Password kisminda yeni "ebraydxm!2" girer.................skipped
And Kullanici parolanin gucunu dogrular "4".................................skipped
And Eb Kullanici sayfayi kapatir............................................skipped
]]>
        </failure>
    </testcase>
    <testcase classname="Kullanici &quot;Password strength&quot; seviyeleri görülebilmelidir." name="Kullanici en az 7 karakterli icerisinde en az 1 kucuk harf, 1 rakam, 1 ozel karakter olan sifreleri 8" time="0.014">
        <failure message="The scenario has pending or undefined step(s)" type="java.lang.Exception">
            <![CDATA[Given Eb Kullanici Medunna anasayfasina gider...............................undefined
When Eb Kullanici Account Menu bolumune tiklar..............................skipped
Then Eb Kullanici registration sekmesine tiklar.............................skipped
And Kullanici New Password kisminda yeni "ebrkB2!" girer....................skipped
And Kullanici parolanin gucunu dogrular "5".................................skipped
And Eb Kullanici sayfayi kapatir............................................skipped
]]>
        </failure>
    </testcase>
    <testcase classname="US_005 Hastalar (patients), hastahaneden randevu (Appointment) oluşturabilmelidir." name="TC_001 Kullanıcının herhangi bir karakter içeren &quot;First Name&quot; yazması gerekir" time="0.027">
        <failure message="The scenario has pending or undefined step(s)" type="java.lang.Exception">
            <![CDATA[Given medunna.com sayfasina gidilir.........................................undefined
And 'Make an appointment' butonuna tiklanir.................................skipped
Then 'First Name' kutusuna tiklanir.........................................skipped
And Herhangi bir karakter içeren first name gonderilir......................skipped
And 2 saniye beklenir.......................................................skipped
And (su)Sayfa kapatilir.....................................................skipped
]]>
        </failure>
    </testcase>
    <testcase classname="US_005 Hastalar (patients), hastahaneden randevu (Appointment) oluşturabilmelidir." name="TC_002 Kullanıcı SSN numarası girmeli (kayıtlı SSN) boş bırakılamaz." time="0.001">
        <failure message="The scenario has pending or undefined step(s)" type="java.lang.Exception">
            <![CDATA[Given medunna.com sayfasina gidilir.........................................undefined
And 'Make an appointment' butonuna tiklanir.................................skipped
Then 'SSN' kutusuna tiklanir................................................skipped
And SSN kutusuna kayitli SSN numarasi gonderilir............................skipped
And 2 saniye beklenir.......................................................skipped
And (su)Sayfa kapatilir.....................................................skipped
]]>
        </failure>
    </testcase>
    <testcase classname="US_005 Hastalar (patients), hastahaneden randevu (Appointment) oluşturabilmelidir." name="TC_003 Kullanıcı, herhangi bir karakter içeren &quot;Last Name&quot; yazması gerekir, boş bırakılamaz." time="0.007">
        <failure message="The scenario has pending or undefined step(s)" type="java.lang.Exception">
            <![CDATA[Given medunna.com sayfasina gidilir.........................................undefined
And 'Make an appointment' butonuna tiklanir.................................skipped
Then 'Last Name' kutusuna tiklanir..........................................skipped
And Last Name kutusuna soyisim gonderilir...................................skipped
And 2 saniye beklenir.......................................................skipped
And (su)Sayfa kapatilir.....................................................skipped
]]>
        </failure>
    </testcase>
    <testcase classname="US_005 Hastalar (patients), hastahaneden randevu (Appointment) oluşturabilmelidir." name="TC_004 Kullanıcı &quot;.&quot; ve &quot;@&quot; içeren e-mail adresi girmeli, boş bırakılamaz." time="0.002">
        <failure message="The scenario has pending or undefined step(s)" type="java.lang.Exception">
            <![CDATA[Given medunna.com sayfasina gidilir.........................................undefined
And 'Make an appointment' butonuna tiklanir.................................skipped
Then 'Email' kutusuna tiklanir..............................................skipped
And Email kutusuna gecerli e-mail adresi gonderilir.........................skipped
And 2 saniye beklenir.......................................................skipped
And (su)Sayfa kapatilir.....................................................skipped
]]>
        </failure>
    </testcase>
    <testcase classname="US_005 Hastalar (patients), hastahaneden randevu (Appointment) oluşturabilmelidir." name="TC_005 Kullanıcı, 3. ve 6. rakamdan sonra &quot;-&quot; olan 10 rakamlı telefon numarasını girmeli," time="0.001">
        <failure message="The scenario has pending or undefined step(s)" type="java.lang.Exception">
            <![CDATA[Given medunna.com sayfasina gidilir.........................................undefined
And 'Make an appointment' butonuna tiklanir.................................skipped
Then 'Phone' kutusuna tiklanir..............................................skipped
And Phone kutusuna gecerli telefon numarası gonderilir......................skipped
And 2 saniye beklenir.......................................................skipped
And (su)Sayfa kapatilir.....................................................skipped
]]>
        </failure>
    </testcase>
    <testcase classname="US_005 Hastalar (patients), hastahaneden randevu (Appointment) oluşturabilmelidir." name="TC_006 Kullanıcı randevu alıp kaydolabilir." time="0.004">
        <failure message="The scenario has pending or undefined step(s)" type="java.lang.Exception">
            <![CDATA[Given medunna.com sayfasina gidilir.........................................undefined
And 'Make an appointment' butonuna tiklanir.................................skipped
Then Herhangi bir karakter içeren first name gonderilir.....................skipped
And Last Name kutusuna soyisim gonderilir...................................skipped
And SSN kutusuna kayitli SSN numarasi gonderilir............................skipped
And Email kutusuna gecerli e-mail adresi gonderilir.........................skipped
And Phone kutusuna gecerli telefon numarası gonderilir......................skipped
And Appointment DateTime kutusuna randevu tarihi gonderilir.................skipped
And 2 saniye beklenir.......................................................skipped
And 'Send an Appointment Request' butonuna tiklanir.........................skipped
And (su)Sayfa kapatilir.....................................................skipped
]]>
        </failure>
    </testcase>
    <testcase classname="US_005 Hastalar (patients), hastahaneden randevu (Appointment) oluşturabilmelidir." name="TC_007 Kullanıcı randevu alıp kaydolduğunda, uygulamada oturum açabilir." time="0.002">
        <failure message="The scenario has pending or undefined step(s)" type="java.lang.Exception">
            <![CDATA[Given medunna.com sayfasina gidilir.........................................undefined
And Giris butonuna tiklanir.................................................skipped
Then Birinci register butonuna tiklanir.....................................skipped
And SSN kutusuna kayitli SSN numarasi gonderilir............................skipped
And Herhangi bir karakter içeren first name gonderilir......................skipped
And Last Name kutusuna soyisim gonderilir...................................skipped
And Username kutusuna gecerli username gonderilir...........................skipped
And Email kutusuna gecerli e-mail adresi gonderilir.........................skipped
And Yeni sifre girilir......................................................skipped
And Yeni sifre tekrar girilir...............................................skipped
And Ikinci register butonuna tiklanir.......................................skipped
And (su)Sayfa kapatilir.....................................................skipped
]]>
        </failure>
    </testcase>
    <testcase classname="US_005 Hastalar (patients), hastahaneden randevu (Appointment) oluşturabilmelidir." name="TC_008 Kullanıcı randevu alıp kaydolduğunda,uygulamada oturum açabilir ve profilini gorebilir." time="0.018">
        <failure message="The scenario has pending or undefined step(s)" type="java.lang.Exception">
            <![CDATA[Given medunna.com sayfasina gidilir.........................................undefined
And Giris butonuna tiklanir.................................................skipped
Then Birinci sign in butonuna tiklanir......................................skipped
And Username kutusuna gecerli username gonderilir...........................skipped
And Gecerli sifre girilir...................................................skipped
And Ikinci sign in butonuna tiklanir........................................skipped
And MY PAGES(PATIENT) butonuna tiklanir.....................................skipped
And My Appointments butonuna tiklanir.......................................skipped
And Alinan randevunun gorunurlugu test edilir...............................skipped
And (su)Sayfa kapatilir.....................................................skipped
]]>
        </failure>
    </testcase>
    <testcase classname="US_005 Hastalar (patients), hastahaneden randevu (Appointment) oluşturabilmelidir." name="TC_009 Kullanıcı negatif durumlari test eder." time="0.008">
        <failure message="The scenario has pending or undefined step(s)" type="java.lang.Exception">
            <![CDATA[Given medunna.com sayfasina gidilir.........................................undefined
And 'Make an appointment' butonuna tiklanir.................................skipped
Then First name kutusuna tiklanir, bos birakilirsa Your Firstname is required yazisinin ciktigi dogrulanir.skipped
And Last name kutusuna tiklanir, bos birakilirsa Your Lastname is required yazisinin ciktigi dogrulanir.skipped
And SSN kutusuna tiklanir, bos birakilirsa Your SSN is required yazisinin ciktigi dogrulanir.skipped
And Email kutusuna tiklanir, bos birakilirsa Your email is required yazisinin ciktigi dogrulanir.skipped
And Phone kutusuna tiklanir, bos birakilirsa Phone number is required yazisinin ciktigi dogrulanir.skipped
And (su)Sayfa kapatilir.....................................................skipped
]]>
        </failure>
>>>>>>> main
>>>>>>> main
    </testcase>
</testsuite>
